2024-03-20 15:14:13,119 [INFO] Activator:179 - 


2024-03-20 15:14:13,121 [INFO] Activator:180 - !SESSION log4j initialized
2024-03-20 15:14:24,057 [INFO] McuFinderGlobals:52 - Set McuFinder mode to 2 (CubeIDE integrated)
2024-03-20 15:14:24,250 [INFO] ApplicationProperties:181 - Using Application install path: C:\ST\STM32CubeIDE_1.11.0\STM32CubeIDE\plugins\com.st.stm32cube.common.mx_6.7.0.202211181646
2024-03-20 15:14:24,269 [INFO] DbMcusXml:77 - Set database path to: C:\ST\STM32CubeIDE_1.11.0\STM32CubeIDE\plugins\com.st.stm32cube.common.mx_6.7.0.202211181646\\db\/mcu/
2024-03-20 15:14:24,270 [INFO] ApiDb:273 - Set plugin database path to: C:\ST\STM32CubeIDE_1.11.0\STM32CubeIDE\plugins\com.st.stm32cube.common.mx_6.7.0.202211181646\\db\/plugins/boardmanager/
2024-03-20 15:14:24,273 [WARN] ApiDb:258 - Overriding images path with different value:  => C:\ST\STM32CubeIDE_1.11.0\STM32CubeIDE\plugins\com.st.stm32cube.common.mx_6.7.0.202211181646\\db\/plugins/mcufinder/images/
2024-03-20 15:14:24,293 [INFO] ApiDb:249 - Set database path to: C:\Users\kwan2\.stmcufinder\plugins\mcufinder//mcu/
2024-03-20 15:14:24,295 [INFO] DbMcusAds:124 - Set database path to: C:\Users\kwan2\.stmcufinder\plugins\mcufinder//mcu/
2024-03-20 15:14:24,300 [INFO] CrossReferenceDbSqlite:202 - Set database path to: C:\Users\kwan2\.stmcufinder\plugins\mcufinder//mcu/cs/
2024-03-20 15:14:24,433 [INFO] RulesReader:61 - Compatibility file has been processed (283 Rules)
2024-03-20 15:14:24,555 [INFO] DbMcusXml:77 - Set database path to: C:\ST\STM32CubeIDE_1.11.0\STM32CubeIDE\plugins\com.st.stm32cube.common.mx_6.7.0.202211181646\\db\/mcu/
2024-03-20 15:14:24,555 [INFO] ApiDb:273 - Set plugin database path to: C:\ST\STM32CubeIDE_1.11.0\STM32CubeIDE\plugins\com.st.stm32cube.common.mx_6.7.0.202211181646\\db\/plugins/boardmanager/
2024-03-20 15:14:24,556 [INFO] ApiDb:260 - Set plugin images path to: C:\ST\STM32CubeIDE_1.11.0\STM32CubeIDE\plugins\com.st.stm32cube.common.mx_6.7.0.202211181646\\db\/plugins/mcufinder/images/
2024-03-20 15:14:24,556 [WARN] DbFile:40 - Overriding database path with different value: C:\Users\kwan2\.stmcufinder\plugins\mcufinder/ => C:\Users\kwan2\.stmcufinder\plugins\mcufinder
2024-03-20 15:14:24,557 [INFO] ApiDb:249 - Set database path to: C:\Users\kwan2\.stmcufinder\plugins\mcufinder//mcu/
2024-03-20 15:14:24,557 [WARN] DbFile:40 - Overriding database path with different value: C:\Users\kwan2\.stmcufinder\plugins\mcufinder/ => C:\Users\kwan2\.stmcufinder\plugins\mcufinder
2024-03-20 15:14:24,557 [INFO] DbMcusAds:124 - Set database path to: C:\Users\kwan2\.stmcufinder\plugins\mcufinder//mcu/
2024-03-20 15:14:24,558 [WARN] DbFile:40 - Overriding database path with different value: C:\Users\kwan2\.stmcufinder\plugins\mcufinder/ => C:\Users\kwan2\.stmcufinder\plugins\mcufinder
2024-03-20 15:14:24,559 [WARN] DbFile:40 - Overriding database path with different value: C:\Users\kwan2\.stmcufinder\plugins\mcufinder/ => C:\Users\kwan2\.stmcufinder\plugins\mcufinder
2024-03-20 15:14:24,559 [INFO] CrossReferenceDbSqlite:202 - Set database path to: C:\Users\kwan2\.stmcufinder\plugins\mcufinder//mcu/cs/
2024-03-20 15:14:24,650 [INFO] MainPanel:252 - HeapMemory: 268435456
2024-03-20 15:14:24,739 [INFO] DbMcusXml:77 - Set database path to: C:\ST\STM32CubeIDE_1.11.0\STM32CubeIDE\plugins\com.st.stm32cube.common.mx_6.7.0.202211181646\\db\/mcu/
2024-03-20 15:14:24,740 [INFO] ApiDb:273 - Set plugin database path to: C:\ST\STM32CubeIDE_1.11.0\STM32CubeIDE\plugins\com.st.stm32cube.common.mx_6.7.0.202211181646\\db\/plugins/boardmanager/
2024-03-20 15:14:24,740 [INFO] ApiDb:260 - Set plugin images path to: C:\ST\STM32CubeIDE_1.11.0\STM32CubeIDE\plugins\com.st.stm32cube.common.mx_6.7.0.202211181646\\db\/plugins/mcufinder/images/
2024-03-20 15:14:24,740 [WARN] DbFile:40 - Overriding database path with different value: C:\Users\kwan2\.stmcufinder\plugins\mcufinder/ => C:\Users\kwan2\.stmcufinder\plugins\mcufinder
2024-03-20 15:14:24,741 [INFO] ApiDb:249 - Set database path to: C:\Users\kwan2\.stmcufinder\plugins\mcufinder//mcu/
2024-03-20 15:14:24,741 [WARN] DbFile:40 - Overriding database path with different value: C:\Users\kwan2\.stmcufinder\plugins\mcufinder/ => C:\Users\kwan2\.stmcufinder\plugins\mcufinder
2024-03-20 15:14:24,741 [INFO] DbMcusAds:124 - Set database path to: C:\Users\kwan2\.stmcufinder\plugins\mcufinder//mcu/
2024-03-20 15:14:24,741 [WARN] DbFile:40 - Overriding database path with different value: C:\Users\kwan2\.stmcufinder\plugins\mcufinder/ => C:\Users\kwan2\.stmcufinder\plugins\mcufinder
2024-03-20 15:14:24,741 [WARN] DbFile:40 - Overriding database path with different value: C:\Users\kwan2\.stmcufinder\plugins\mcufinder/ => C:\Users\kwan2\.stmcufinder\plugins\mcufinder
2024-03-20 15:14:24,742 [INFO] CrossReferenceDbSqlite:202 - Set database path to: C:\Users\kwan2\.stmcufinder\plugins\mcufinder//mcu/cs/
2024-03-20 15:14:24,766 [INFO] ApplicationProperties:181 - Using Application install path: C:\ST\STM32CubeIDE_1.11.0\STM32CubeIDE\plugins\com.st.stm32cube.common.mx_6.7.0.202211181646
2024-03-20 15:14:24,768 [INFO] PluginManage:193 - Search for loadable plugins [exclusion list=, ]
2024-03-20 15:14:24,770 [INFO] PluginManage:307 - Check plugin analytics
2024-03-20 15:14:24,928 [INFO] AnalyticsPlugin:262 - Accepted Software Licenses: 
2024-03-20 15:14:24,929 [INFO] AnalyticsPlugin:264 - Accepted CMSIS Pack Licenses: 
2024-03-20 15:14:24,929 [INFO] AnalyticsPlugin:266 - Accepted Firmware Licenses: FW.F4.1.27.0
2024-03-20 15:14:24,939 [INFO] PluginManage:356 - Loaded plugin analytics (category:tool,tabindex:-1)
2024-03-20 15:14:24,940 [INFO] PluginManage:307 - Check plugin cadmodel
2024-03-20 15:14:24,946 [INFO] CADModel:104 - Init CAD model plugin
2024-03-20 15:14:24,946 [INFO] PluginManage:356 - Loaded plugin cadmodel (category:power,tabindex:5)
2024-03-20 15:14:24,946 [INFO] PluginManage:307 - Check plugin clock
2024-03-20 15:14:24,959 [INFO] PluginManage:356 - Loaded plugin clock (category:base,tabindex:2)
2024-03-20 15:14:24,959 [INFO] PluginManage:307 - Check plugin ddr
2024-03-20 15:14:24,962 [INFO] PluginManage:356 - Loaded plugin ddr (category:tool,tabindex:6)
2024-03-20 15:14:24,962 [INFO] PluginManage:307 - Check plugin filemanager
2024-03-20 15:14:25,124 [INFO] PluginManage:356 - Loaded plugin filemanager (category:base,tabindex:10)
2024-03-20 15:14:25,125 [INFO] PluginManage:307 - Check plugin ipmanager
2024-03-20 15:14:25,138 [INFO] PluginManage:356 - Loaded plugin ipmanager (category:base,tabindex:5)
2024-03-20 15:14:25,138 [INFO] PluginManage:307 - Check plugin lpbam
2024-03-20 15:14:25,165 [INFO] PluginManage:356 - Loaded plugin lpbam (category:base,tabindex:0)
2024-03-20 15:14:25,165 [INFO] PluginManage:307 - Check plugin pinoutandconfiguration
2024-03-20 15:14:25,176 [INFO] PluginManage:356 - Loaded plugin pinoutandconfiguration (category:base,tabindex:1)
2024-03-20 15:14:25,176 [INFO] PluginManage:307 - Check plugin pinoutconfig
2024-03-20 15:14:25,208 [INFO] PluginManage:356 - Loaded plugin pinoutconfig (category:base,tabindex:0)
2024-03-20 15:14:25,209 [INFO] PluginManage:307 - Check plugin power
2024-03-20 15:14:25,217 [INFO] PluginManage:356 - Loaded plugin power (category:power,tabindex:4)
2024-03-20 15:14:25,218 [INFO] PluginManage:307 - Check plugin projectmanager
2024-03-20 15:14:25,234 [INFO] PluginManage:356 - Loaded plugin projectmanager (category:projectmanager,tabindex:3)
2024-03-20 15:14:25,235 [INFO] PluginManage:307 - Check plugin thirdparty
2024-03-20 15:14:25,377 [WARN] IntegrityCheckThread:82 - waiting for thirdparty lock release [integrity check]
2024-03-20 15:14:25,378 [INFO] PluginManage:356 - Loaded plugin thirdparty (category:base,tabindex:-1)
2024-03-20 15:14:25,378 [INFO] IntegrityCheckThread:84 - entering critical section [integrity check]
2024-03-20 15:14:25,378 [INFO] PluginManage:307 - Check plugin tools
2024-03-20 15:14:25,380 [INFO] ThirdPartyUpdaterWithRetryManager:70 - Updater plugin not ready yet. [1/15]
2024-03-20 15:14:25,382 [INFO] PluginManage:356 - Loaded plugin tools (category:base,tabindex:7)
2024-03-20 15:14:25,382 [INFO] PluginManage:307 - Check plugin tutovideos
2024-03-20 15:14:25,586 [INFO] PluginManage:356 - Loaded plugin tutovideos (category:base,tabindex:-1)
2024-03-20 15:14:25,586 [INFO] PluginManage:307 - Check plugin updater
2024-03-20 15:14:25,602 [INFO] PluginManage:356 - Loaded plugin updater (category:base,tabindex:12)
2024-03-20 15:14:25,603 [INFO] PluginManage:280 - PluginManage : Loaded plugins [15]
2024-03-20 15:14:25,893 [INFO] PinOutPanel:1477 - setPackage(No Configuration,No Configuration)
2024-03-20 15:14:25,978 [INFO] CADModel:164 - CPN selected for project level
2024-03-20 15:14:25,978 [INFO] CADModel:113 - Register for checkConnection events
2024-03-20 15:14:25,997 [INFO] IPUIPlugin:79 - create IPUIPlugin
2024-03-20 15:14:25,997 [INFO] PluginManager:219 - loadIPPluginJar : add adc
2024-03-20 15:14:26,000 [INFO] IPUIPlugin:79 - create IPUIPlugin
2024-03-20 15:14:26,001 [INFO] PluginManager:219 - loadIPPluginJar : add aes
2024-03-20 15:14:26,004 [INFO] IPUIPlugin:79 - create IPUIPlugin
2024-03-20 15:14:26,005 [INFO] PluginManager:219 - loadIPPluginJar : add can
2024-03-20 15:14:26,007 [INFO] IPUIPlugin:79 - create IPUIPlugin
2024-03-20 15:14:26,007 [INFO] PluginManager:219 - loadIPPluginJar : add comp
2024-03-20 15:14:26,011 [INFO] IPUIPlugin:79 - create IPUIPlugin
2024-03-20 15:14:26,012 [INFO] PluginManager:219 - loadIPPluginJar : add cryp
2024-03-20 15:14:26,015 [INFO] IPUIPlugin:79 - create IPUIPlugin
2024-03-20 15:14:26,015 [INFO] PluginManager:219 - loadIPPluginJar : add dfsdm
2024-03-20 15:14:26,022 [INFO] IPUIPlugin:79 - create IPUIPlugin
2024-03-20 15:14:26,023 [INFO] PluginManager:219 - loadIPPluginJar : add dma
2024-03-20 15:14:26,027 [INFO] IPUIPlugin:79 - create IPUIPlugin
2024-03-20 15:14:26,028 [INFO] PluginManager:219 - loadIPPluginJar : add dma3
2024-03-20 15:14:26,030 [INFO] IPUIPlugin:79 - create IPUIPlugin
2024-03-20 15:14:26,030 [INFO] PluginManager:219 - loadIPPluginJar : add fatfs
2024-03-20 15:14:26,036 [INFO] IPUIPlugin:79 - create IPUIPlugin
2024-03-20 15:14:26,036 [INFO] PluginManager:219 - loadIPPluginJar : add fmc
2024-03-20 15:14:26,044 [INFO] IPUIPlugin:79 - create IPUIPlugin
2024-03-20 15:14:26,044 [INFO] PluginManager:219 - loadIPPluginJar : add freertos
2024-03-20 15:14:26,046 [INFO] IPUIPlugin:79 - create IPUIPlugin
2024-03-20 15:14:26,046 [INFO] PluginManager:219 - loadIPPluginJar : add genericplugin
2024-03-20 15:14:26,049 [INFO] IPUIPlugin:79 - create IPUIPlugin
2024-03-20 15:14:26,050 [INFO] PluginManager:219 - loadIPPluginJar : add gfxmmu
2024-03-20 15:14:26,056 [INFO] IPUIPlugin:79 - create IPUIPlugin
2024-03-20 15:14:26,056 [INFO] PluginManager:219 - loadIPPluginJar : add gic
2024-03-20 15:14:26,062 [INFO] IPUIPlugin:79 - create IPUIPlugin
2024-03-20 15:14:26,062 [INFO] PluginManager:219 - loadIPPluginJar : add gpio
2024-03-20 15:14:26,065 [INFO] IPUIPlugin:79 - create IPUIPlugin
2024-03-20 15:14:26,066 [INFO] PluginManager:219 - loadIPPluginJar : add gtzc
2024-03-20 15:14:26,069 [INFO] IPUIPlugin:79 - create IPUIPlugin
2024-03-20 15:14:26,069 [INFO] PluginManager:219 - loadIPPluginJar : add hash
2024-03-20 15:14:26,073 [INFO] IPUIPlugin:79 - create IPUIPlugin
2024-03-20 15:14:26,073 [INFO] PluginManager:219 - loadIPPluginJar : add i2c
2024-03-20 15:14:26,077 [INFO] IPUIPlugin:79 - create IPUIPlugin
2024-03-20 15:14:26,077 [INFO] PluginManager:219 - loadIPPluginJar : add i2s
2024-03-20 15:14:26,081 [INFO] IPUIPlugin:79 - create IPUIPlugin
2024-03-20 15:14:26,082 [INFO] PluginManager:219 - loadIPPluginJar : add ipddr
2024-03-20 15:14:26,090 [INFO] IPUIPlugin:79 - create IPUIPlugin
2024-03-20 15:14:26,090 [INFO] PluginManager:219 - loadIPPluginJar : add linkedlist
2024-03-20 15:14:26,094 [INFO] IPUIPlugin:79 - create IPUIPlugin
2024-03-20 15:14:26,094 [INFO] PluginManager:219 - loadIPPluginJar : add lorawan
2024-03-20 15:14:26,096 [INFO] IPUIPlugin:79 - create IPUIPlugin
2024-03-20 15:14:26,096 [INFO] PluginManager:219 - loadIPPluginJar : add ltdc
2024-03-20 15:14:26,104 [INFO] IPUIPlugin:79 - create IPUIPlugin
2024-03-20 15:14:26,105 [INFO] PluginManager:219 - loadIPPluginJar : add mdma
2024-03-20 15:14:26,109 [INFO] IPUIPlugin:79 - create IPUIPlugin
2024-03-20 15:14:26,109 [INFO] PluginManager:219 - loadIPPluginJar : add nvic
2024-03-20 15:14:26,113 [INFO] IPUIPlugin:79 - create IPUIPlugin
2024-03-20 15:14:26,114 [INFO] PluginManager:219 - loadIPPluginJar : add opamp
2024-03-20 15:14:26,118 [INFO] IPUIPlugin:79 - create IPUIPlugin
2024-03-20 15:14:26,118 [INFO] PluginManager:219 - loadIPPluginJar : add openamp
2024-03-20 15:14:26,123 [INFO] IPUIPlugin:79 - create IPUIPlugin
2024-03-20 15:14:26,124 [INFO] PluginManager:219 - loadIPPluginJar : add pdm2pcm
2024-03-20 15:14:26,131 [INFO] IPUIPlugin:79 - create IPUIPlugin
2024-03-20 15:14:26,139 [INFO] PluginManager:219 - loadIPPluginJar : add plateformsettings
2024-03-20 15:14:26,141 [INFO] IPUIPlugin:79 - create IPUIPlugin
2024-03-20 15:14:26,141 [INFO] PluginManager:219 - loadIPPluginJar : add quadspi
2024-03-20 15:14:26,146 [INFO] IPUIPlugin:79 - create IPUIPlugin
2024-03-20 15:14:26,146 [INFO] PluginManager:219 - loadIPPluginJar : add resmgrutility
2024-03-20 15:14:26,150 [INFO] IPUIPlugin:79 - create IPUIPlugin
2024-03-20 15:14:26,150 [INFO] PluginManager:219 - loadIPPluginJar : add sai
2024-03-20 15:14:26,154 [INFO] IPUIPlugin:79 - create IPUIPlugin
2024-03-20 15:14:26,154 [INFO] PluginManager:219 - loadIPPluginJar : add spi
2024-03-20 15:14:26,160 [INFO] IPUIPlugin:79 - create IPUIPlugin
2024-03-20 15:14:26,161 [INFO] PluginManager:219 - loadIPPluginJar : add stm32_wpan
2024-03-20 15:14:26,163 [INFO] IPUIPlugin:79 - create IPUIPlugin
2024-03-20 15:14:26,163 [INFO] PluginManager:219 - loadIPPluginJar : add tim
2024-03-20 15:14:26,168 [INFO] IPUIPlugin:79 - create IPUIPlugin
2024-03-20 15:14:26,168 [INFO] PluginManager:219 - loadIPPluginJar : add touchsensing
2024-03-20 15:14:26,170 [INFO] IPUIPlugin:79 - create IPUIPlugin
2024-03-20 15:14:26,171 [INFO] PluginManager:219 - loadIPPluginJar : add tracer_emb
2024-03-20 15:14:26,173 [INFO] IPUIPlugin:79 - create IPUIPlugin
2024-03-20 15:14:26,174 [INFO] PluginManager:219 - loadIPPluginJar : add ts
2024-03-20 15:14:26,176 [INFO] IPUIPlugin:79 - create IPUIPlugin
2024-03-20 15:14:26,176 [INFO] PluginManager:219 - loadIPPluginJar : add tsc
2024-03-20 15:14:26,178 [INFO] IPUIPlugin:79 - create IPUIPlugin
2024-03-20 15:14:26,179 [INFO] PluginManager:219 - loadIPPluginJar : add ucpd
2024-03-20 15:14:26,182 [INFO] IPUIPlugin:79 - create IPUIPlugin
2024-03-20 15:14:26,183 [INFO] PluginManager:219 - loadIPPluginJar : add usart
2024-03-20 15:14:26,187 [INFO] IPUIPlugin:79 - create IPUIPlugin
2024-03-20 15:14:26,187 [INFO] PluginManager:219 - loadIPPluginJar : add usbx
2024-03-20 15:14:26,335 [INFO] CADModel:164 - CPN selected for project level
2024-03-20 15:14:26,335 [INFO] CADModel:113 - Register for checkConnection events
2024-03-20 15:14:26,335 [FATAL] Updater:308 - Updater called before beeing initialized
2024-03-20 15:14:26,336 [ERROR] CADModel:124 - Updater not yet initialized, retry later 
2024-03-20 15:14:26,494 [INFO] CADModel:164 - CPN selected for project level
2024-03-20 15:14:26,495 [INFO] CADModel:113 - Register for checkConnection events
2024-03-20 15:14:26,495 [FATAL] Updater:308 - Updater called before beeing initialized
2024-03-20 15:14:26,495 [ERROR] CADModel:124 - Updater not yet initialized, retry later 
2024-03-20 15:14:26,498 [FATAL] Updater:308 - Updater called before beeing initialized
2024-03-20 15:14:26,654 [FATAL] Updater:308 - Updater called before beeing initialized
2024-03-20 15:14:26,664 [INFO] DbMcusAds:52 - JSON generation date=Wed Nov 29 17:52:27 ICT 2023 (1701255147349)
2024-03-20 15:14:26,664 [FATAL] Updater:308 - Updater called before beeing initialized
2024-03-20 15:14:26,708 [WARN] DetailPanel:344 - Failed to get advertising image, set to default
2024-03-20 15:14:26,846 [FATAL] Updater:308 - Updater called before beeing initialized
2024-03-20 15:14:26,848 [FATAL] Updater:308 - Updater called before beeing initialized
2024-03-20 15:14:26,848 [FATAL] Updater:308 - Updater called before beeing initialized
2024-03-20 15:14:26,848 [WARN] DetailPanel:344 - Failed to get advertising image, set to default
2024-03-20 15:14:26,849 [FATAL] Updater:308 - Updater called before beeing initialized
2024-03-20 15:14:26,908 [ERROR] Updater:1120 - MainUpdater not yet initialized. External WinMGr cannot be set.
2024-03-20 15:14:26,910 [INFO] Updater:1056 - Updater Version found : 6.7.0
2024-03-20 15:14:26,930 [INFO] ApplicationProperties:181 - Using Application install path: C:\ST\STM32CubeIDE_1.11.0\STM32CubeIDE\plugins\com.st.stm32cube.common.mx_6.7.0.202211181646
2024-03-20 15:14:27,156 [INFO] MainUpdater:2800 - connection check result : 10
2024-03-20 15:14:27,157 [INFO] MainUpdater:282 - Updater Check For Update Now.
2024-03-20 15:14:27,158 [INFO] MicroXplorer:481 - Change Database Version : DB.6.0.70
2024-03-20 15:14:27,382 [INFO] CheckServerUpdateThread:119 - End of CheckServer Thread
2024-03-20 15:14:27,392 [INFO] MainUpdater:2800 - connection check result : 10
2024-03-20 15:14:27,740 [INFO] ApiDb:580 - Connected to CubeFinder SQLite database (C:\Users\kwan2\.stmcufinder\plugins\mcufinder\mcu\cube-finder-db.db)
2024-03-20 15:14:27,813 [INFO] ApiDb:667 - CubeFinder database Data Model version=2.1
2024-03-20 15:14:27,814 [INFO] ApiDb:668 - CubeFinder database Configuration version=3.0.39
2024-03-20 15:14:27,814 [INFO] ApiDb:669 - CubeFinder database generation date=2024-03-01 (1709305525)
2024-03-20 15:14:27,815 [INFO] ApiDb:670 - CubeFinder database FW Pack versions=[FP-ATR-ASTRA1_V2.0.0, FP-SNS-FLIGHT1_V5.0.1, FP-SNS-FLIGHT1_V5.0.2, FP-SNS-MOTENV1_V4.3.1, FP-SNS-MOTENV1_V4.3.2, FP-SNS-MOTENVWB1_V1.3.1, FP-SNS-SMARTAG2_V1.2.0, STM32Cube_FW_C0_V1.1.0, STM32Cube_FW_F4_V1.28.0, STM32Cube_FW_F7_V1.17.0, STM32Cube_FW_G0_V1.6.2, STM32Cube_FW_G4_V1.5.2, STM32Cube_FW_H5_V0.5.1, STM32Cube_FW_H5_V1.1.1, STM32Cube_FW_H5_V1.2.0, STM32Cube_FW_H5_V1.2.0RC4, STM32Cube_FW_H7RS_V1.0.0, STM32Cube_FW_H7RS_V1.0.0RC4, STM32Cube_FW_H7_V1.11.0, STM32Cube_FW_L0_V1.12.2, STM32Cube_FW_L5_V1.5.1, STM32Cube_FW_U0_V1.0.0, STM32Cube_FW_U0_V1.0.0RC1, STM32Cube_FW_U5_V1.3.0RC4, STM32Cube_FW_U5_V1.5.0, STM32Cube_FW_U5_V1.5.0RC1, STM32Cube_FW_WBA_V1.0.0RC1, STM32Cube_FW_WBA_V1.2.0, STM32Cube_FW_WBA_V1.2.0RC2, STM32Cube_FW_WBA_V1.3.0, STM32Cube_FW_WBA_V1.3.0RC1, STM32Cube_FW_WB_V1.15.0RC1, STM32Cube_FW_WB_V1.16.0, STM32Cube_FW_WB_V1.16.0RC2, STM32Cube_FW_WB_V1.18.0, STM32Cube_FW_WB_V1.19.0, STM32Cube_FW_WL_V1.3.0, X-CUBE-ALGOBUILD_V1.3.0, X-CUBE-ALS_V1.0.1, X-CUBE-AZRTOS-F4_V1.1.0, X-CUBE-AZRTOS-F7_V1.1.0, X-CUBE-AZRTOS-G0_V1.1.0, X-CUBE-AZRTOS-G4_V2.0.0, X-CUBE-AZRTOS-H7_V3.2.0, X-CUBE-AZRTOS-L4_V1.0.0, X-CUBE-AZRTOS-L4_V2.0.0, X-CUBE-AZRTOS-L5_V1.1.0, X-CUBE-AZRTOS-WB_V2.0.0, X-CUBE-AZRTOS-WL_V2.0.0, X-CUBE-BLE1_V7.0.0, X-CUBE-BLE2_V3.3.0, X-CUBE-BLEMGR_V3.1.0, X-CUBE-EEPRMA1_V4.1.0, X-CUBE-EEPRMA1_V5.1.0, X-CUBE-FREERTOS_V1.1.0, X-CUBE-GNSS1_V6.0.0, X-CUBE-MEMS1_V10.0.0, X-CUBE-MEMS1_V9.1.0, X-CUBE-MEMS1_V9.4.0, X-CUBE-MEMS1_V9.6.0, X-CUBE-NFC4_V3.0.0, X-CUBE-NFC7_V1.0.1, X-CUBE-SFXS2LP1_V4.0.0, X-CUBE-SUBG2_V5.0.0, X-CUBE-TOF1_V3.4.0]
2024-03-20 15:14:28,641 [WARN] PackLoader:242 - Cannot read IP mode file for STMicroelectronics.X-CUBE-SMBUS.2.1.0
2024-03-20 15:14:28,651 [WARN] PackLoader:242 - Cannot read IP mode file for STMicroelectronics.X-CUBE-TOUCHGFX.4.23.0
2024-03-20 15:14:28,692 [WARN] PackLoader:242 - Cannot read IP mode file for STMicroelectronics.X-CUBE-AZRTOS-F7.1.1.0
2024-03-20 15:14:28,705 [ERROR] RealEvaluatedCondition:430 - Found unsupported composite condition: GROUP='STM32_MetaDataManager' CLASS='Data Exchange'
2024-03-20 15:14:28,706 [ERROR] RealEvaluatedCondition:430 - Found unsupported composite condition: CLASS='Data Exchange' GROUP='STM32_MetaDataManager'
2024-03-20 15:14:28,708 [WARN] PackLoader:242 - Cannot read IP mode file for STMicroelectronics.FP-SNS-MOTENV1.4.3.0
2024-03-20 15:14:28,719 [WARN] PackLoader:242 - Cannot read IP mode file for STMicroelectronics.FP-SNS-MOTENV1.4.3.2
2024-03-20 15:14:28,730 [WARN] PackLoader:242 - Cannot read IP mode file for STMicroelectronics.FP-SNS-FLIGHT1.5.0.0
2024-03-20 15:14:28,736 [ERROR] RealEvaluatedCondition:430 - Found unsupported composite condition: CLASS='Data Exchange' GROUP='STM32_MetaDataManager'
2024-03-20 15:14:28,737 [ERROR] RealEvaluatedCondition:430 - Found unsupported composite condition: GROUP='STM32_MetaDataManager' CLASS='Data Exchange'
2024-03-20 15:14:28,739 [WARN] PackLoader:242 - Cannot read IP mode file for STMicroelectronics.FP-SNS-MOTENV1.4.3.1
2024-03-20 15:14:28,748 [WARN] PackLoader:242 - Cannot read IP mode file for STMicroelectronics.FP-SNS-FLIGHT1.5.0.1
2024-03-20 15:14:28,764 [WARN] PackLoader:242 - Cannot read IP mode file for STMicroelectronics.X-CUBE-BLE1.6.2.4
2024-03-20 15:14:28,771 [WARN] PackLoader:242 - Cannot read IP mode file for STMicroelectronics.FP-SNS-FLIGHT1.5.0.2
2024-03-20 15:14:28,784 [WARN] PackLoader:242 - Cannot read IP mode file for STMicroelectronics.X-CUBE-DISPLAY.3.0.0
2024-03-20 15:14:28,804 [WARN] PackLoader:242 - Cannot read IP mode file for STMicroelectronics.X-CUBE-BLE1.7.0.0
2024-03-20 15:14:28,824 [WARN] PackLoader:242 - Cannot read IP mode file for STMicroelectronics.X-CUBE-BLEMGR.3.1.0
2024-03-20 15:14:29,108 [WARN] PackLoader:242 - Cannot read IP mode file for STMicroelectronics.FP-SNS-SMARTAG2.1.2.0
2024-03-20 15:14:29,123 [INFO] LogOutputStream:76 - [STDOUT_REDIRECT] 1 : Invalid condition id : UX_CORESTACK_Condition cause : null
2024-03-20 15:14:29,124 [INFO] LogOutputStream:76 - [STDOUT_REDIRECT] 1 : Invalid condition id : UX_CORESTACK_Condition cause : null
2024-03-20 15:14:29,126 [INFO] LogOutputStream:76 - [STDOUT_REDIRECT] 1 : Invalid condition id : UX_CORESTACK_Condition cause : null
2024-03-20 15:14:29,128 [INFO] LogOutputStream:76 - [STDOUT_REDIRECT] 1 : Invalid condition id : UX_CORESTACK_Condition cause : null
2024-03-20 15:14:29,130 [INFO] LogOutputStream:76 - [STDOUT_REDIRECT] 1 : Invalid condition id : UX_CORESTACK_Condition cause : null
2024-03-20 15:14:29,136 [WARN] PackLoader:242 - Cannot read IP mode file for STMicroelectronics.X-CUBE-AZRTOS-WL.2.0.0
2024-03-20 15:14:29,148 [WARN] PackLoader:242 - Cannot read IP mode file for WES.I-CUBE-Cesium.1.3.0
2024-03-20 15:14:29,154 [WARN] PackLoader:242 - Cannot read IP mode file for STMicroelectronics.X-CUBE-BLE2.3.3.0
2024-03-20 15:14:29,160 [WARN] PackLoader:242 - Cannot read IP mode file for STMicroelectronics.X-CUBE-DISPLAY.2.2.0
2024-03-20 15:14:29,174 [WARN] PackLoader:242 - Cannot read IP mode file for STMicroelectronics.X-CUBE-TOF1.3.2.0
2024-03-20 15:14:29,185 [WARN] PackLoader:242 - Cannot read IP mode file for STMicroelectronics.X-CUBE-TOUCHGFX.4.21.1
2024-03-20 15:14:29,189 [WARN] PackLoader:242 - Cannot read IP mode file for STMicroelectronics.X-CUBE-TOUCHGFX.4.21.3
2024-03-20 15:14:29,192 [WARN] PackLoader:242 - Cannot read IP mode file for STMicroelectronics.X-CUBE-TOUCHGFX.4.21.4
2024-03-20 15:14:29,245 [WARN] PackLoader:242 - Cannot read IP mode file for STMicroelectronics.X-CUBE-MEMS1.9.4.0
2024-03-20 15:14:29,437 [WARN] PackLoader:242 - Cannot read IP mode file for STMicroelectronics.X-CUBE-AI.7.3.0
2024-03-20 15:14:29,444 [WARN] PackLoader:242 - Cannot read IP mode file for STMicroelectronics.X-CUBE-ALGOBUILD.1.3.0
2024-03-20 15:14:29,461 [WARN] PackLoader:242 - Cannot read IP mode file for STMicroelectronics.X-CUBE-AZRTOS-G0.1.1.0
2024-03-20 15:14:29,472 [WARN] PackLoader:242 - Cannot read IP mode file for STMicroelectronics.X-CUBE-NFC4.3.0.0
2024-03-20 15:14:29,481 [WARN] PackLoader:242 - Cannot read IP mode file for STMicroelectronics.X-CUBE-BLEMGR.1.3.0
2024-03-20 15:14:29,487 [WARN] PackLoader:242 - Cannot read IP mode file for STMicroelectronics.FP-ATR-SIGFOX1.3.2.0
2024-03-20 15:14:29,495 [WARN] PackLoader:242 - Cannot read IP mode file for STMicroelectronics.X-CUBE-EEPRMA1.5.1.0
2024-03-20 15:14:29,529 [WARN] PackLoader:242 - Cannot read IP mode file for STMicroelectronics.X-CUBE-MEMS1.9.5.0
2024-03-20 15:14:29,760 [WARN] PackLoader:242 - Cannot read IP mode file for SEGGER.I-CUBE-embOS.1.3.1
2024-03-20 15:14:29,838 [WARN] PackLoader:242 - Cannot read IP mode file for SEGGER.I-CUBE-embOS.1.3.0
2024-03-20 15:14:29,885 [WARN] PackLoader:242 - Cannot read IP mode file for STMicroelectronics.X-CUBE-GNSS1.6.0.0
2024-03-20 15:14:29,908 [WARN] PackLoader:242 - Cannot read IP mode file for STMicroelectronics.X-CUBE-AZRTOS-F4.1.1.0
2024-03-20 15:14:29,937 [WARN] PackLoader:242 - Cannot read IP mode file for STMicroelectronics.X-CUBE-AZRTOS-L5.2.0.0
2024-03-20 15:14:29,987 [WARN] PackLoader:242 - Cannot read IP mode file for STMicroelectronics.X-CUBE-MEMS1.9.6.0
2024-03-20 15:14:30,158 [WARN] PackLoader:242 - Cannot read IP mode file for STMicroelectronics.X-CUBE-NFC6.3.1.0
2024-03-20 15:14:30,165 [WARN] PackLoader:242 - Cannot read IP mode file for ITTIA_DB.I-CUBE-ITTIADB.8.8.0
2024-03-20 15:14:30,172 [WARN] PackLoader:242 - Cannot read IP mode file for emotas.I-CUBE-CANOPEN.1.1.3
2024-03-20 15:14:30,180 [WARN] PackLoader:242 - Cannot read IP mode file for STMicroelectronics.X-CUBE-BLEMGR.2.0.0
2024-03-20 15:14:30,198 [WARN] ConditionMgr:437 - getConditionDescription Invalid condition id : UX DEVICE CLASS RTOS Condition cause : null
2024-03-20 15:14:30,198 [WARN] ConditionMgr:437 - getConditionDescription Invalid condition id : UX DEVICE CLASS RTOS Condition cause : null
2024-03-20 15:14:30,201 [WARN] PackLoader:242 - Cannot read IP mode file for STMicroelectronics.X-CUBE-AZRTOS-H7.3.1.0
2024-03-20 15:14:30,202 [WARN] ConditionMgr:1038 - genDependencies : Invalid condition id : UX DEVICE CLASS RTOS Condition cause : null
2024-03-20 15:14:30,202 [WARN] ConditionMgr:1038 - genDependencies : Invalid condition id : UX DEVICE CLASS RTOS Condition cause : null
2024-03-20 15:14:30,203 [WARN] ConditionMgr:1038 - genDependencies : Invalid condition id : UX DEVICE CLASS RTOS Condition cause : null
2024-03-20 15:14:30,204 [WARN] ConditionMgr:1038 - genDependencies : Invalid condition id : UX DEVICE CLASS RTOS Condition cause : null
2024-03-20 15:14:30,204 [WARN] ConditionMgr:1038 - genDependencies : Invalid condition id : UX DEVICE CLASS RTOS Condition cause : null
2024-03-20 15:14:30,211 [WARN] PackLoader:242 - Cannot read IP mode file for wolfSSL.I-CUBE-wolfSSL.5.5.4
2024-03-20 15:14:30,217 [WARN] PackLoader:242 - Cannot read IP mode file for STMicroelectronics.X-CUBE-NFC7.1.0.1
2024-03-20 15:14:30,223 [WARN] PackLoader:242 - Cannot read IP mode file for STMicroelectronics.X-CUBE-NFC7.1.0.0
2024-03-20 15:14:30,230 [WARN] PackLoader:242 - Cannot read IP mode file for STMicroelectronics.X-CUBE-EEPRMA1.4.1.0
2024-03-20 15:14:30,235 [WARN] PackLoader:242 - Cannot read IP mode file for STMicroelectronics.X-CUBE-AI.8.1.0
2024-03-20 15:14:30,264 [WARN] ConditionMgr:437 - getConditionDescription Invalid condition id : LAN8742 Phy interface Condition cause : null
2024-03-20 15:14:30,265 [WARN] PackLoader:242 - Cannot read IP mode file for STMicroelectronics.X-CUBE-AZRTOS-L4.2.0.0
2024-03-20 15:14:30,266 [WARN] ConditionMgr:1038 - genDependencies : Invalid condition id : LAN8742 Phy interface Condition cause : null
2024-03-20 15:14:30,267 [WARN] ConditionMgr:1038 - genDependencies : Invalid condition id : LAN8742 Phy interface Condition cause : null
2024-03-20 15:14:30,268 [WARN] ConditionMgr:1038 - genDependencies : Invalid condition id : LAN8742 Phy interface Condition cause : null
2024-03-20 15:14:30,277 [WARN] PackLoader:242 - Cannot read IP mode file for STMicroelectronics.X-CUBE-SFXS2LP1.4.0.0
2024-03-20 15:14:30,297 [WARN] PackLoader:242 - Cannot read IP mode file for STMicroelectronics.X-CUBE-AZRTOS-H7.3.0.0
2024-03-20 15:14:30,305 [WARN] PackLoader:242 - Cannot read IP mode file for STMicroelectronics.X-CUBE-ISPU.1.1.0
2024-03-20 15:14:30,314 [WARN] PackLoader:242 - Cannot read IP mode file for RoweBots.I-CUBE-UNISONRTOS.5.5.0-4
2024-03-20 15:14:30,318 [WARN] PackLoader:242 - Cannot read IP mode file for STMicroelectronics.X-CUBE-AI.8.0.0
2024-03-20 15:14:30,330 [WARN] ConditionMgr:437 - getConditionDescription Invalid condition id : UX DEVICE CLASS RTOS Condition cause : null
2024-03-20 15:14:30,331 [WARN] ConditionMgr:437 - getConditionDescription Invalid condition id : UX DEVICE CLASS RTOS Condition cause : null
2024-03-20 15:14:30,333 [WARN] PackLoader:242 - Cannot read IP mode file for STMicroelectronics.X-CUBE-AZRTOS-WB.2.0.0
2024-03-20 15:14:30,333 [WARN] ConditionMgr:1038 - genDependencies : Invalid condition id : UX DEVICE CLASS RTOS Condition cause : null
2024-03-20 15:14:30,334 [WARN] ConditionMgr:1038 - genDependencies : Invalid condition id : UX DEVICE CLASS RTOS Condition cause : null
2024-03-20 15:14:30,334 [WARN] ConditionMgr:1038 - genDependencies : Invalid condition id : UX DEVICE CLASS RTOS Condition cause : null
2024-03-20 15:14:30,334 [WARN] ConditionMgr:1038 - genDependencies : Invalid condition id : UX DEVICE CLASS RTOS Condition cause : null
2024-03-20 15:14:30,334 [WARN] ConditionMgr:1038 - genDependencies : Invalid condition id : UX DEVICE CLASS RTOS Condition cause : null
2024-03-20 15:14:30,340 [WARN] PackLoader:242 - Cannot read IP mode file for STMicroelectronics.X-CUBE-FREERTOS.1.0.0
2024-03-20 15:14:30,344 [WARN] PackLoader:242 - Cannot read IP mode file for STMicroelectronics.X-CUBE-FREERTOS.1.0.1
2024-03-20 15:14:30,357 [WARN] PackLoader:242 - Cannot read IP mode file for STMicroelectronics.X-CUBE-AZRTOS-L5.1.1.0
2024-03-20 15:14:30,362 [WARN] PackLoader:242 - Cannot read IP mode file for STMicroelectronics.X-CUBE-AI.8.0.1
2024-03-20 15:14:30,372 [WARN] PackLoader:242 - Cannot read IP mode file for STMicroelectronics.X-CUBE-SUBG2.5.0.0
2024-03-20 15:14:30,388 [WARN] PackLoader:242 - Cannot read IP mode file for STMicroelectronics.X-CUBE-AZRTOS-G4.2.0.0
2024-03-20 15:14:30,397 [WARN] PackLoader:242 - Cannot read IP mode file for STMicroelectronics.X-CUBE-TOF1.3.3.0
2024-03-20 15:14:30,411 [WARN] PackLoader:242 - Cannot read IP mode file for STMicroelectronics.FP-ATR-ASTRA1.1.1.1
2024-03-20 15:14:30,426 [WARN] PackLoader:242 - Cannot read IP mode file for Infineon.AIROC-Wi-Fi-Bluetooth-STM32.1.5.1
2024-03-20 15:14:30,434 [WARN] PackLoader:242 - Cannot read IP mode file for STMicroelectronics.FP-SNS-MOTENVWB1.1.3.1
2024-03-20 15:14:30,444 [WARN] PackLoader:242 - Cannot read IP mode file for STMicroelectronics.X-CUBE-AZRTOS-G4.1.0.0
2024-03-20 15:14:30,458 [WARN] PackLoader:242 - Cannot read IP mode file for STMicroelectronics.X-CUBE-AZRTOS-L4.1.0.0
2024-03-20 15:14:30,463 [WARN] PackLoader:242 - Cannot read IP mode file for STMicroelectronics.X-CUBE-ISPU.2.0.0
2024-03-20 15:14:30,513 [WARN] PackLoader:242 - Cannot read IP mode file for STMicroelectronics.X-CUBE-MEMS1.10.0.0
2024-03-20 15:14:30,673 [WARN] PackLoader:242 - Cannot read IP mode file for STMicroelectronics.X-CUBE-FREERTOS.1.1.0
2024-03-20 15:14:30,686 [WARN] PackLoader:242 - Cannot read IP mode file for STMicroelectronics.X-CUBE-AZRTOS-WL.1.0.0
2024-03-20 15:14:30,696 [WARN] PackLoader:242 - Cannot read IP mode file for portGmbH.I-Cube-SoM-uGOAL.1.1.0
2024-03-20 15:14:30,703 [WARN] PackLoader:242 - Cannot read IP mode file for STMicroelectronics.X-CUBE-ALS.1.0.1
2024-03-20 15:14:30,719 [WARN] PackLoader:242 - Cannot read IP mode file for STMicroelectronics.X-CUBE-AZRTOS-WB.1.1.0
2024-03-20 15:14:30,725 [WARN] PackLoader:242 - Cannot read IP mode file for STMicroelectronics.FP-ATR-ASTRA1.2.0.0
2024-03-20 15:14:30,738 [WARN] PackLoader:242 - Cannot read IP mode file for STMicroelectronics.X-CUBE-TOF1.3.4.1
2024-03-20 15:14:30,773 [WARN] PackLoader:242 - Cannot read IP mode file for STMicroelectronics.X-CUBE-AZRTOS-H7.3.2.0
2024-03-20 15:14:30,776 [INFO] ThirdParty:947 - Integrity check success = true
2024-03-20 15:14:30,776 [INFO] IntegrityCheckThread:98 - exiting critical section [integrity check]
2024-03-20 15:14:30,776 [INFO] IntegrityCheckThread:101 - End integrity checks thread
2024-03-20 15:14:30,966 [INFO] ApiDb:239 - Found 143 in-development CPN: [B-WB1M-WPAN1, B-WL5M-SUBG1, NUCLEO-C031C6, STEVAL-PROTEUS1, STEVAL-STWINBX1, STM320518-EVAL, STM32C0116-DK, STM32C011D6Y3TR, STM32C011D6Y6TR, STM32C011F4P3, STM32C011F4P6, STM32C011F4U3, STM32C011F4U6TR, STM32C011F6P3, STM32C011F6P6, STM32C011F6U3, STM32C011F6U6TR, STM32C011J4M3, STM32C011J4M6, STM32C011J6M3, STM32C011J6M6, STM32C0316-DK, STM32C031C4T3, STM32C031C4T6, STM32C031C4U3, STM32C031C4U6, STM32C031C6T3, STM32C031C6T6, STM32C031C6U3, STM32C031C6U6, STM32C031F4P3, STM32C031F4P6, STM32C031F6P3, STM32C031F6P6, STM32C031G4U3, STM32C031G4U6, STM32C031G6U3, STM32C031G6U6, STM32C031K4T3, STM32C031K4T6, STM32C031K4U3, STM32C031K4U6, STM32C031K6T3, STM32C031K6T6, STM32C031K6U3, STM32C031K6U6, STM32G071K8TXN, STM32G071K8UXN, STM32G081GBU6N, STM32G081KBT6N, STM32G081KBUXN, STM32G0B1CCT6N, STM32G0B1KCT6, STM32G0B1NEY6TR, STM32G0B1RCT6N, STM32G0C1CCT6, STM32G0C1CCT6N, STM32G0C1CCU6N, STM32G0C1CET6N, STM32G0C1CEU6N, STM32G0C1KCT6, STM32G0C1NEY6TR, STM32G0C1RCI6N, STM32G0C1RCT6N, STM32G0C1REI6N, STM32G0C1RET6N, STM32G0C1VCI6, STM32G0C1VEI6, STM32G471CCT6, STM32G471CCU6, STM32G471CET3, STM32G471CET6, STM32G471CEU3, STM32G471CEU6, STM32G471MCT6, STM32G471MET3, STM32G471MET6, STM32G471MEY6TR, STM32G471QCT6, STM32G471QET3, STM32G471RCT6, STM32G471RET3, STM32G471RET6, STM32G471VCH6, STM32G471VCI6, STM32G471VCT6, STM32G471VEH3, STM32G471VEH6, STM32G471VEI3, STM32G471VEI6, STM32G471VET3, STM32G471VET6, STM32G474CCT6, STM32L476VGY6PTR, STM32L4R5QGI6STR, STM32MP131AAE3, STM32MP131AAF3, STM32MP131AAG3, STM32MP131CAE3, STM32MP131CAF3, STM32MP131CAG3, STM32MP131DAE7, STM32MP131DAF7, STM32MP131DAG7, STM32MP131FAE7, STM32MP131FAF7, STM32MP131FAG7, STM32MP133AAE3, STM32MP133AAF3, STM32MP133AAG3, STM32MP133CAE3, STM32MP133CAF3, STM32MP133CAG3, STM32MP133DAE7, STM32MP133DAF7, STM32MP133DAG7, STM32MP133FAE7, STM32MP133FAF7, STM32MP133FAG7, STM32MP135AAE3, STM32MP135AAF3, STM32MP135AAG3, STM32MP135CAE3, STM32MP135CAF3, STM32MP135CAG3, STM32MP135DAE7, STM32MP135DAF7, STM32MP135DAG7, STM32MP135F-DK, STM32MP135FAE7, STM32MP135FAF7, STM32MP135FAF7T, STM32MP135FAF7U, STM32MP135FAG7, STM32U595ZJT6Q, STM32U599BJY6QTR, STM32U599NIH6Q, STM32U599NJH6Q, STM32U5A5ZJT6Q, STM32U5A9BJY6QTR, STM32U5A9NJH6Q, STM32WB1MMCH6, STM32WL5MOCH6TR]
2024-03-20 15:14:30,973 [INFO] DbMcus:215 - Found 3929 MCUs, 3929 are supported
2024-03-20 15:14:30,976 [INFO] ApiDb:422 - Load user favorites file C:\Users\kwan2/.stm32cubeide/favorites.mcus.txt: 0 item(s)
2024-03-20 15:14:30,977 [INFO] ApiDb:426 - User favorites MCUs=[]
2024-03-20 15:14:30,977 [INFO] DbMcus:221 - Set 0 / 0 favorites MCUs
2024-03-20 15:14:31,322 [INFO] McuFinderGlobals:65 - Set McuFinderConnectedMode to true
2024-03-20 15:14:31,330 [INFO] MultiScanPanel:196 - Auto-refresh data requested => check proxy status ongoing
2024-03-20 15:14:31,333 [INFO] FinderPluginLoader:92 - Searching for filters in installed packs
2024-03-20 15:14:32,929 [INFO] LoadUrlFilesThread:179 - End of LoadServerUrlFiles without Thread
2024-03-20 15:14:32,961 [INFO] DetailPanel:339 - Set advertising image to C:/Users/kwan2/STM32Cube/Repository/\en.prom-stm32wl3-mcu-finder.jpg
2024-03-20 15:14:33,721 [INFO] ApiDb:667 - CubeFinder database Data Model version=2.1
2024-03-20 15:14:33,721 [INFO] ApiDb:668 - CubeFinder database Configuration version=3.0.39
2024-03-20 15:14:33,722 [INFO] ApiDb:669 - CubeFinder database generation date=2024-03-01 (1709305525)
2024-03-20 15:14:33,722 [INFO] ApiDb:670 - CubeFinder database FW Pack versions=[FP-ATR-ASTRA1_V2.0.0, FP-SNS-FLIGHT1_V5.0.1, FP-SNS-FLIGHT1_V5.0.2, FP-SNS-MOTENV1_V4.3.1, FP-SNS-MOTENV1_V4.3.2, FP-SNS-MOTENVWB1_V1.3.1, FP-SNS-SMARTAG2_V1.2.0, STM32Cube_FW_C0_V1.1.0, STM32Cube_FW_F4_V1.28.0, STM32Cube_FW_F7_V1.17.0, STM32Cube_FW_G0_V1.6.2, STM32Cube_FW_G4_V1.5.2, STM32Cube_FW_H5_V0.5.1, STM32Cube_FW_H5_V1.1.1, STM32Cube_FW_H5_V1.2.0, STM32Cube_FW_H5_V1.2.0RC4, STM32Cube_FW_H7RS_V1.0.0, STM32Cube_FW_H7RS_V1.0.0RC4, STM32Cube_FW_H7_V1.11.0, STM32Cube_FW_L0_V1.12.2, STM32Cube_FW_L5_V1.5.1, STM32Cube_FW_U0_V1.0.0, STM32Cube_FW_U0_V1.0.0RC1, STM32Cube_FW_U5_V1.3.0RC4, STM32Cube_FW_U5_V1.5.0, STM32Cube_FW_U5_V1.5.0RC1, STM32Cube_FW_WBA_V1.0.0RC1, STM32Cube_FW_WBA_V1.2.0, STM32Cube_FW_WBA_V1.2.0RC2, STM32Cube_FW_WBA_V1.3.0, STM32Cube_FW_WBA_V1.3.0RC1, STM32Cube_FW_WB_V1.15.0RC1, STM32Cube_FW_WB_V1.16.0, STM32Cube_FW_WB_V1.16.0RC2, STM32Cube_FW_WB_V1.18.0, STM32Cube_FW_WB_V1.19.0, STM32Cube_FW_WL_V1.3.0, X-CUBE-ALGOBUILD_V1.3.0, X-CUBE-ALS_V1.0.1, X-CUBE-AZRTOS-F4_V1.1.0, X-CUBE-AZRTOS-F7_V1.1.0, X-CUBE-AZRTOS-G0_V1.1.0, X-CUBE-AZRTOS-G4_V2.0.0, X-CUBE-AZRTOS-H7_V3.2.0, X-CUBE-AZRTOS-L4_V1.0.0, X-CUBE-AZRTOS-L4_V2.0.0, X-CUBE-AZRTOS-L5_V1.1.0, X-CUBE-AZRTOS-WB_V2.0.0, X-CUBE-AZRTOS-WL_V2.0.0, X-CUBE-BLE1_V7.0.0, X-CUBE-BLE2_V3.3.0, X-CUBE-BLEMGR_V3.1.0, X-CUBE-EEPRMA1_V4.1.0, X-CUBE-EEPRMA1_V5.1.0, X-CUBE-FREERTOS_V1.1.0, X-CUBE-GNSS1_V6.0.0, X-CUBE-MEMS1_V10.0.0, X-CUBE-MEMS1_V9.1.0, X-CUBE-MEMS1_V9.4.0, X-CUBE-MEMS1_V9.6.0, X-CUBE-NFC4_V3.0.0, X-CUBE-NFC7_V1.0.1, X-CUBE-SFXS2LP1_V4.0.0, X-CUBE-SUBG2_V5.0.0, X-CUBE-TOF1_V3.4.0]
2024-03-20 15:14:33,802 [INFO] DbBoardsSqlite:225 - include board P-NUCLEO-WB55-NUCLEO as a kit item of type 'Nucleo-64'
2024-03-20 15:14:33,802 [INFO] DbBoardsSqlite:225 - include board P-NUCLEO-WB55-USBDONGLE as a kit item of type 'Nucleo USB Dongle'
2024-03-20 15:14:33,802 [INFO] DbBoardsSqlite:225 - include board STEVAL-IDP005V1 as a kit item of type 'Evaluation Board'
2024-03-20 15:14:33,803 [INFO] DbBoardsSqlite:225 - include board STEVAL-IDP005V2 as a kit item of type 'Evaluation Board'
2024-03-20 15:14:33,874 [INFO] ApiDb:239 - Found 143 in-development CPN: [B-WB1M-WPAN1, B-WL5M-SUBG1, NUCLEO-C031C6, STEVAL-PROTEUS1, STEVAL-STWINBX1, STM320518-EVAL, STM32C0116-DK, STM32C011D6Y3TR, STM32C011D6Y6TR, STM32C011F4P3, STM32C011F4P6, STM32C011F4U3, STM32C011F4U6TR, STM32C011F6P3, STM32C011F6P6, STM32C011F6U3, STM32C011F6U6TR, STM32C011J4M3, STM32C011J4M6, STM32C011J6M3, STM32C011J6M6, STM32C0316-DK, STM32C031C4T3, STM32C031C4T6, STM32C031C4U3, STM32C031C4U6, STM32C031C6T3, STM32C031C6T6, STM32C031C6U3, STM32C031C6U6, STM32C031F4P3, STM32C031F4P6, STM32C031F6P3, STM32C031F6P6, STM32C031G4U3, STM32C031G4U6, STM32C031G6U3, STM32C031G6U6, STM32C031K4T3, STM32C031K4T6, STM32C031K4U3, STM32C031K4U6, STM32C031K6T3, STM32C031K6T6, STM32C031K6U3, STM32C031K6U6, STM32G071K8TXN, STM32G071K8UXN, STM32G081GBU6N, STM32G081KBT6N, STM32G081KBUXN, STM32G0B1CCT6N, STM32G0B1KCT6, STM32G0B1NEY6TR, STM32G0B1RCT6N, STM32G0C1CCT6, STM32G0C1CCT6N, STM32G0C1CCU6N, STM32G0C1CET6N, STM32G0C1CEU6N, STM32G0C1KCT6, STM32G0C1NEY6TR, STM32G0C1RCI6N, STM32G0C1RCT6N, STM32G0C1REI6N, STM32G0C1RET6N, STM32G0C1VCI6, STM32G0C1VEI6, STM32G471CCT6, STM32G471CCU6, STM32G471CET3, STM32G471CET6, STM32G471CEU3, STM32G471CEU6, STM32G471MCT6, STM32G471MET3, STM32G471MET6, STM32G471MEY6TR, STM32G471QCT6, STM32G471QET3, STM32G471RCT6, STM32G471RET3, STM32G471RET6, STM32G471VCH6, STM32G471VCI6, STM32G471VCT6, STM32G471VEH3, STM32G471VEH6, STM32G471VEI3, STM32G471VEI6, STM32G471VET3, STM32G471VET6, STM32G474CCT6, STM32L476VGY6PTR, STM32L4R5QGI6STR, STM32MP131AAE3, STM32MP131AAF3, STM32MP131AAG3, STM32MP131CAE3, STM32MP131CAF3, STM32MP131CAG3, STM32MP131DAE7, STM32MP131DAF7, STM32MP131DAG7, STM32MP131FAE7, STM32MP131FAF7, STM32MP131FAG7, STM32MP133AAE3, STM32MP133AAF3, STM32MP133AAG3, STM32MP133CAE3, STM32MP133CAF3, STM32MP133CAG3, STM32MP133DAE7, STM32MP133DAF7, STM32MP133DAG7, STM32MP133FAE7, STM32MP133FAF7, STM32MP133FAG7, STM32MP135AAE3, STM32MP135AAF3, STM32MP135AAG3, STM32MP135CAE3, STM32MP135CAF3, STM32MP135CAG3, STM32MP135DAE7, STM32MP135DAF7, STM32MP135DAG7, STM32MP135F-DK, STM32MP135FAE7, STM32MP135FAF7, STM32MP135FAF7T, STM32MP135FAF7U, STM32MP135FAG7, STM32U595ZJT6Q, STM32U599BJY6QTR, STM32U599NIH6Q, STM32U599NJH6Q, STM32U5A5ZJT6Q, STM32U5A9BJY6QTR, STM32U5A9NJH6Q, STM32WB1MMCH6, STM32WL5MOCH6TR]
2024-03-20 15:14:33,893 [INFO] BoardInfo:879 - No configuration file found for board B-G473E-ZEST1S
2024-03-20 15:14:33,893 [INFO] DbBoards:156 - Board is not supported: B-G473E-ZEST1S
2024-03-20 15:14:33,982 [INFO] BoardInfo:879 - No configuration file found for board NUCLEO-H503RB
2024-03-20 15:14:33,983 [INFO] DbBoards:156 - Board is not supported: NUCLEO-H503RB
2024-03-20 15:14:33,984 [INFO] BoardInfo:879 - No configuration file found for board NUCLEO-H563ZI
2024-03-20 15:14:33,985 [INFO] DbBoards:156 - Board is not supported: NUCLEO-H563ZI
2024-03-20 15:14:34,031 [INFO] BoardInfo:879 - No configuration file found for board NUCLEO-U545RE-Q
2024-03-20 15:14:34,031 [INFO] DbBoards:156 - Board is not supported: NUCLEO-U545RE-Q
2024-03-20 15:14:34,035 [INFO] BoardInfo:879 - No configuration file found for board NUCLEO-U5A5ZJ-Q
2024-03-20 15:14:34,035 [INFO] DbBoards:156 - Board is not supported: NUCLEO-U5A5ZJ-Q
2024-03-20 15:14:34,040 [INFO] BoardInfo:879 - No configuration file found for board NUCLEO-WBA52CG
2024-03-20 15:14:34,040 [INFO] DbBoards:156 - Board is not supported: NUCLEO-WBA52CG
2024-03-20 15:14:34,048 [INFO] BoardInfo:879 - No configuration file found for board P-NUCLEO-WB55
2024-03-20 15:14:34,048 [INFO] DbBoards:156 - Kit is not supported: P-NUCLEO-WB55
2024-03-20 15:14:34,054 [INFO] BoardInfo:879 - No configuration file found for board STEVAL-BFA001V1B
2024-03-20 15:14:34,054 [INFO] DbBoards:156 - Kit is not supported: STEVAL-BFA001V1B
2024-03-20 15:14:34,056 [INFO] BoardInfo:879 - No configuration file found for board STEVAL-BFA001V2B
2024-03-20 15:14:34,056 [INFO] DbBoards:156 - Kit is not supported: STEVAL-BFA001V2B
2024-03-20 15:14:34,062 [INFO] BoardInfo:879 - No configuration file found for board STEVAL-MKBOXPRO
2024-03-20 15:14:34,063 [INFO] DbBoards:156 - Board is not supported: STEVAL-MKBOXPRO
2024-03-20 15:14:34,069 [INFO] BoardInfo:879 - No configuration file found for board STEVAL-SMARTAG2
2024-03-20 15:14:34,069 [INFO] DbBoards:156 - Board is not supported: STEVAL-SMARTAG2
2024-03-20 15:14:34,143 [INFO] BoardInfo:879 - No configuration file found for board STM32H573I-DK
2024-03-20 15:14:34,143 [INFO] DbBoards:156 - Board is not supported: STM32H573I-DK
2024-03-20 15:14:34,198 [INFO] BoardInfo:879 - No configuration file found for board STM32U5A9J-DK
2024-03-20 15:14:34,198 [INFO] DbBoards:156 - Board is not supported: STM32U5A9J-DK
2024-03-20 15:14:34,200 [INFO] BoardInfo:879 - No configuration file found for board STM32U5G9J-DK1
2024-03-20 15:14:34,200 [INFO] DbBoards:156 - Board is not supported: STM32U5G9J-DK1
2024-03-20 15:14:34,201 [INFO] BoardInfo:879 - No configuration file found for board STM32U5G9J-DK2
2024-03-20 15:14:34,201 [INFO] DbBoards:156 - Board is not supported: STM32U5G9J-DK2
2024-03-20 15:14:34,204 [INFO] DbBoards:160 - Found 191 boards, 176 are supported
2024-03-20 15:14:34,211 [INFO] ApiDb:422 - Load user favorites file C:\Users\kwan2/.stm32cubeide/favorites.boards.txt: 2 item(s)
2024-03-20 15:14:34,211 [INFO] ApiDb:426 - User favorites Boards=[NUCLEO-F411RE, NUCLEO-G431KB]
2024-03-20 15:14:34,212 [INFO] DbBoards:189 - Set 2 / 2 favorites Boards
2024-03-20 15:14:37,529 [ERROR] LogOutputStream:74 - [STDERR_REDIRECT] SLF4J: Failed to load class "org.slf4j.impl.StaticLoggerBinder".
2024-03-20 15:14:37,530 [ERROR] LogOutputStream:74 - [STDERR_REDIRECT] SLF4J: Defaulting to no-operation (NOP) logger implementation
2024-03-20 15:14:37,531 [ERROR] LogOutputStream:74 - [STDERR_REDIRECT] SLF4J: See http://www.slf4j.org/codes.html#StaticLoggerBinder for further details.
2024-03-20 15:14:58,461 [INFO] MultiScanPanel:196 - Auto-refresh data requested => check proxy status ongoing
2024-03-20 15:14:58,730 [INFO] LoadUrlFilesThread:179 - End of LoadServerUrlFiles without Thread
2024-03-20 15:14:58,731 [INFO] DetailPanel:339 - Set advertising image to C:/Users/kwan2/STM32Cube/Repository/\en.prom-stm32wl3-mcu-finder.jpg
2024-03-20 15:14:58,751 [INFO] DbBoards:633 - Loading board mini-images...
2024-03-20 15:15:02,198 [INFO] DbBoards:656 - Loaded 191 board mini-images
2024-03-20 15:15:34,298 [INFO] MainUpdater:2800 - connection check result : 10
2024-03-20 15:15:34,299 [INFO] MainUpdater:2800 - connection check result : 10
2024-03-20 15:15:34,325 [INFO] MicroXplorer:451 - Change Database Path : 
2024-03-20 15:15:34,326 [INFO] MicroXplorer:481 - Change Database Version : DB.6.0.70
2024-03-20 15:15:34,327 [WARN] ThirdParty:845 - waiting for thirdparty lock release [close project]
2024-03-20 15:15:34,328 [INFO] ThirdParty:847 - entering critical section [close project]
2024-03-20 15:15:34,329 [INFO] ThirdParty:857 - exiting critical section [close project]
2024-03-20 15:15:34,337 [INFO] PinOutPanel:1477 - setPackage(No Configuration,No Configuration)
2024-03-20 15:15:34,345 [INFO] UtilMem:74 - Begin LoadConfig() Used Memory: 625963000 Bytes (631242752)
2024-03-20 15:15:34,351 [INFO] OpenFileManager:307 - Change cursor
2024-03-20 15:15:34,401 [INFO] ProjectFactory:399 - No CPN specified for board NUCLEO-G431KB => set CPN to STM32G431KBT6
2024-03-20 15:15:34,402 [INFO] Mcu:1925 - Initializing MCU STM32G431K(6-8-B)Tx STM32G431KBTx STM32G431KBT6
2024-03-20 15:15:39,458 [INFO] Context:654 - Trying to add GPIOservice into a context  which must be forbidden
2024-03-20 15:15:40,689 [INFO] Rule:225 - rule 117617 - U5Cobra4M][GTZC] default value MPCBB3 and MPCBB5 - Not Secured memory - MPCBB1 is applicable
2024-03-20 15:15:40,690 [INFO] Rule:225 - rule 117617 - U5Cobra4M][GTZC] default value MPCBB3 and MPCBB5 - Not Secured memory - MPCBB1 is applicable
2024-03-20 15:15:40,690 [INFO] Rule:225 - rule 117617 - U5Cobra4M][GTZC] default value MPCBB3 and MPCBB5 - Not Secured memory - MPCBB2 is applicable
2024-03-20 15:15:40,690 [INFO] Rule:225 - rule 117617 - U5Cobra4M][GTZC] default value MPCBB3 and MPCBB5 - Not Secured memory - MPCBB2 is applicable
2024-03-20 15:15:40,690 [INFO] Rule:225 - rule 117617 - U5Cobra4M][GTZC] default value MPCBB3 and MPCBB5 - Not Secured memory - MPCBB3 is applicable
2024-03-20 15:15:40,690 [INFO] Rule:225 - rule 117617 - U5Cobra4M][GTZC] default value MPCBB3 and MPCBB5 - Not Secured memory - MPCBB3 is applicable
2024-03-20 15:15:40,690 [INFO] Rule:225 - rule 117617 - U5Cobra4M][GTZC] default value MPCBB3 and MPCBB5 - Not Secured memory - MPCBB4 is applicable
2024-03-20 15:15:40,690 [INFO] Rule:225 - rule 117617 - U5Cobra4M][GTZC] default value MPCBB3 and MPCBB5 - Not Secured memory - MPCBB4 is applicable
2024-03-20 15:15:40,690 [INFO] Rule:225 - rule 117617 - U5Cobra4M][GTZC] default value MPCBB3 and MPCBB5 - Secured memory - MPCBB1 is applicable
2024-03-20 15:15:40,691 [INFO] Rule:225 - rule 117617 - U5Cobra4M][GTZC] default value MPCBB3 and MPCBB5 - Secured memory - MPCBB2 is applicable
2024-03-20 15:15:40,691 [INFO] Rule:225 - rule 117617 - U5Cobra4M][GTZC] default value MPCBB3 and MPCBB5 - Secured memory - MPCBB3 is applicable
2024-03-20 15:15:40,691 [INFO] Rule:225 - rule 117617 - U5Cobra4M][GTZC] default value MPCBB3 and MPCBB5 - Secured memory - MPCBB4 is applicable
2024-03-20 15:15:40,691 [INFO] Rule:225 - rule 117617 - U5Cobra4M][GTZC] default value MPCBB3 and MPCBB5 - Privileged memory - MPCBB1 is applicable
2024-03-20 15:15:40,691 [INFO] Rule:225 - rule 117617 - U5Cobra4M][GTZC] default value MPCBB3 and MPCBB5 - Privileged memory - MPCBB2 is applicable
2024-03-20 15:15:40,692 [INFO] Rule:225 - rule 117617 - U5Cobra4M][GTZC] default value MPCBB3 and MPCBB5 - Privileged memory - MPCBB3 is applicable
2024-03-20 15:15:40,693 [INFO] Rule:225 - rule 117617 - U5Cobra4M][GTZC] default value MPCBB3 and MPCBB5 - Privileged memory - MPCBB4 is applicable
2024-03-20 15:15:40,693 [INFO] Rule:225 - rule 117617 - U5Cobra4M][GTZC] default value MPCBB3 and MPCBB5 - Not Privileged memory - MPCBB1 is applicable
2024-03-20 15:15:40,693 [INFO] Rule:225 - rule 117617 - U5Cobra4M][GTZC] default value MPCBB3 and MPCBB5 - Not Privileged memory - MPCBB2 is applicable
2024-03-20 15:15:40,693 [INFO] Rule:225 - rule 117617 - U5Cobra4M][GTZC] default value MPCBB3 and MPCBB5 - Not Privileged memory - MPCBB3 is applicable
2024-03-20 15:15:40,693 [INFO] Rule:225 - rule 117617 - U5Cobra4M][GTZC] default value MPCBB3 and MPCBB5 - Not Privileged memory - MPCBB4 is applicable
2024-03-20 15:15:40,693 [INFO] Rule:225 - rule 117617 - U5Cobra4M][GTZC] default value MPCBB3 and MPCBB5 - Privileged memory - MPCBB1 is applicable
2024-03-20 15:15:40,693 [INFO] Rule:225 - rule 117617 - U5Cobra4M][GTZC] default value MPCBB3 and MPCBB5 - Privileged memory - MPCBB2 is applicable
2024-03-20 15:15:40,693 [INFO] Rule:225 - rule 117617 - U5Cobra4M][GTZC] default value MPCBB3 and MPCBB5 - Privileged memory - MPCBB3 is applicable
2024-03-20 15:15:40,693 [INFO] Rule:225 - rule 117617 - U5Cobra4M][GTZC] default value MPCBB3 and MPCBB5 - Privileged memory - MPCBB4 is applicable
2024-03-20 15:15:40,694 [INFO] Rule:225 - rule 117617 - U5Cobra4M][GTZC] default value MPCBB3 and MPCBB5 - Privileged memory - MPCBB1 is applicable
2024-03-20 15:15:40,694 [INFO] Rule:225 - rule 117617 - U5Cobra4M][GTZC] default value MPCBB3 and MPCBB5 - Privileged memory - MPCBB2 is applicable
2024-03-20 15:15:40,694 [INFO] Rule:225 - rule 117617 - U5Cobra4M][GTZC] default value MPCBB3 and MPCBB5 - Privileged memory - MPCBB3 is applicable
2024-03-20 15:15:40,694 [INFO] Rule:225 - rule 117617 - U5Cobra4M][GTZC] default value MPCBB3 and MPCBB5 - Privileged memory - MPCBB4 is applicable
2024-03-20 15:15:40,694 [INFO] Rule:225 - rule 117617 - U5Cobra4M][GTZC] default value MPCBB3 and MPCBB5 - Not Privileged memory - MPCBB1 is applicable
2024-03-20 15:15:40,694 [INFO] Rule:225 - rule 117617 - U5Cobra4M][GTZC] default value MPCBB3 and MPCBB5 - Not Privileged memory - MPCBB2 is applicable
2024-03-20 15:15:40,694 [INFO] Rule:225 - rule 117617 - U5Cobra4M][GTZC] default value MPCBB3 and MPCBB5 - Not Privileged memory - MPCBB3 is applicable
2024-03-20 15:15:40,694 [INFO] Rule:225 - rule 117617 - U5Cobra4M][GTZC] default value MPCBB3 and MPCBB5 - Not Privileged memory - MPCBB4 is applicable
2024-03-20 15:15:40,694 [INFO] Rule:225 - rule 117617 - U5Cobra4M][GTZC] default value MPCBB3 and MPCBB5 - Privileged memory - MPCBB1 is applicable
2024-03-20 15:15:40,694 [INFO] Rule:225 - rule 117617 - U5Cobra4M][GTZC] default value MPCBB3 and MPCBB5 - Privileged memory - MPCBB2 is applicable
2024-03-20 15:15:40,695 [INFO] Rule:225 - rule 117617 - U5Cobra4M][GTZC] default value MPCBB3 and MPCBB5 - Privileged memory - MPCBB3 is applicable
2024-03-20 15:15:40,695 [INFO] Rule:225 - rule 117617 - U5Cobra4M][GTZC] default value MPCBB3 and MPCBB5 - Privileged memory - MPCBB4 is applicable
2024-03-20 15:15:40,695 [INFO] Rule:225 - rule Rename SubGHz_Phy SUBGHZ_APPLICATION SUBGHZ_PINGPONG to SUBGHZ_ADV_APPLICATION is applicable
2024-03-20 15:15:40,695 [INFO] Rule:225 - rule Rename Enabled to IBEACON is applicable
2024-03-20 15:15:40,695 [INFO] Rule:225 - rule GTZC_S instance for project manager is applicable
2024-03-20 15:15:40,695 [INFO] Rule:225 - rule GTZC_S instance for context M33S is applicable
2024-03-20 15:15:40,695 [INFO] Rule:225 - rule GTZC_S instance value for IP GTZC is applicable
2024-03-20 15:15:40,695 [INFO] Rule:225 - rule GTZC_S instance for mcu.IP is applicable
2024-03-20 15:15:40,695 [INFO] Rule:225 - rule GTZC_S instance for VP is applicable
2024-03-20 15:15:40,695 [INFO] Rule:225 - rule GTZC_S instance for signal is applicable
2024-03-20 15:15:40,695 [INFO] Rule:225 - rule GTZC_S instance for mcu.Pin is applicable
2024-03-20 15:15:40,696 [INFO] Rule:225 - rule GTZC_S instance for VP is applicable
2024-03-20 15:15:40,696 [INFO] Rule:225 - rule GTZC_S instance for signal is applicable
2024-03-20 15:15:40,696 [INFO] Rule:225 - rule GTZC_S instance for mcu is applicable
2024-03-20 15:15:40,696 [INFO] Rule:225 - rule GTZC_S instance for mcu.Pin is applicable
2024-03-20 15:15:40,696 [INFO] Rule:225 - rule GTZC_S instance value for IP GTZC is applicable
2024-03-20 15:15:40,696 [INFO] Rule:225 - rule GTZC_S instance for project manager is applicable
2024-03-20 15:15:40,696 [INFO] Rule:225 - rule GTZC_S instance for context M33S is applicable
2024-03-20 15:15:40,696 [INFO] Rule:225 - rule GTZC_S instance for VP is applicable
2024-03-20 15:15:40,696 [INFO] Rule:225 - rule GTZC_S instance for signal is applicable
2024-03-20 15:15:40,696 [INFO] Rule:225 - rule ADC Scan  fix with FW F7 is applicable
2024-03-20 15:15:40,697 [INFO] Rule:225 - rule ADC Scan  fix with FW F7 is applicable
2024-03-20 15:15:40,697 [INFO] Rule:225 - rule Change Default Value for LSE Drive Capability for WB family is applicable
2024-03-20 15:15:40,697 [INFO] Rule:225 - rule Change Default Value for ADC Clock Prescaler G0 family is applicable
2024-03-20 15:15:40,697 [INFO] Rule:225 - rule align RCC SDMMC3CLockSelection default value on MP1 is applicable
2024-03-20 15:15:40,698 [INFO] Rule:225 - rule align RCC SDMMC12CLockSelection default value on MP1 is applicable
2024-03-20 15:15:40,698 [INFO] Rule:225 - rule align RCC QSPICLockSelection default value on MP1 is applicable
2024-03-20 15:15:40,698 [INFO] Rule:225 - rule align RCC QSPICLockSelection default value on MP1 is applicable
2024-03-20 15:15:40,698 [INFO] Rule:225 - rule align RCC SPI6CLockSelection default value on MP1 is applicable
2024-03-20 15:15:40,698 [INFO] Rule:225 - rule align RCC LPTIM23CLockSelection default value on MP1 is applicable
2024-03-20 15:15:40,698 [INFO] Rule:225 - rule align RCC LPTIM1CLockSelection default value on MP1 is applicable
2024-03-20 15:15:40,698 [INFO] Rule:225 - rule align RCC USART1CLockSelection default value on MP1 is applicable
2024-03-20 15:15:40,699 [INFO] Rule:225 - rule align RCC USART24CLockSelection default value on MP1 is applicable
2024-03-20 15:15:40,699 [INFO] Rule:225 - rule align RCC USART6CLockSelection default value on MP1 is applicable
2024-03-20 15:15:40,700 [INFO] Rule:225 - rule align RCC UART78CLockSelection default value on MP1 is applicable
2024-03-20 15:15:40,700 [INFO] Rule:225 - rule align RCC USART35CLockSelection default value on MP1 is applicable
2024-03-20 15:15:40,700 [INFO] Rule:225 - rule align RCC SPI45CLockSelection default value on MP1 is applicable
2024-03-20 15:15:40,700 [INFO] Rule:225 - rule align RCC I2C46CLockSelection BCLK value on MP1 is applicable
2024-03-20 15:15:40,700 [INFO] Rule:225 - rule align RCC SPI45CLockSelection default value on MP1 is applicable
2024-03-20 15:15:40,700 [INFO] Rule:225 - rule align RCC I2C12CLockSelection default value on MP1 is applicable
2024-03-20 15:15:40,700 [INFO] Rule:225 - rule align RCC I2C35CLockSelection default value on MP1 is applicable
2024-03-20 15:15:40,700 [INFO] Rule:225 - rule align RCC LPTIM45CLockSelection default value on MP1 is applicable
2024-03-20 15:15:40,700 [INFO] Rule:225 - rule Rename DCMI PIXCK signal is applicable
2024-03-20 15:15:40,700 [INFO] Rule:225 - rule Change Default Value for I2C46CLockSelection MP1 family is applicable
2024-03-20 15:15:40,700 [INFO] Rule:225 - rule Change Default Value for UART for G4, G0 and WB families is applicable
2024-03-20 15:15:40,700 [INFO] Rule:225 - rule Change Default Value for USART for G4, G0 and WB families is applicable
2024-03-20 15:15:40,700 [INFO] Rule:225 - rule Change Default Value for USART for G4 family is applicable
2024-03-20 15:15:40,701 [INFO] Rule:225 - rule Change USART1CLockSelection refparam name for MP1 is applicable
2024-03-20 15:15:40,701 [INFO] Rule:225 - rule Change USART2CLockSelection refparam name for MP1 is applicable
2024-03-20 15:15:40,701 [INFO] Rule:225 - rule Change USART3CLockSelection refparam name for MP1 is applicable
2024-03-20 15:15:40,701 [INFO] Rule:225 - rule Change UART4CLockSelection refparam name for MP1 is applicable
2024-03-20 15:15:40,701 [INFO] Rule:225 - rule Change UART5CLockSelection refparam name for MP1 is applicable
2024-03-20 15:15:40,701 [INFO] Rule:225 - rule Change LPUART1CLockSelection refparam name for MP1 is applicable
2024-03-20 15:15:40,701 [INFO] Rule:225 - rule Change LPTIM1CLockSelection refparam name for MP1 is applicable
2024-03-20 15:15:40,701 [INFO] Rule:225 - rule Change LPTIM2CLockSelection refparam name for MP1 is applicable
2024-03-20 15:15:40,701 [INFO] Rule:225 - rule Change RCC_MCO1Source refparam name for MP1 is applicable
2024-03-20 15:15:40,701 [INFO] Rule:225 - rule Change LSCOSource1 refparam name for MP1 is applicable
2024-03-20 15:15:40,702 [INFO] Rule:225 - rule Change SMPSCLockSelection refparam name for MP1 is applicable
2024-03-20 15:15:40,702 [INFO] Rule:225 - rule Change LPTIM3CLockSelection refparam name for MP1 is applicable
2024-03-20 15:15:40,702 [INFO] Rule:225 - rule Change MPCBB* Default Template Mode to Parameters is applicable
2024-03-20 15:15:40,702 [INFO] Rule:225 - rule Change MPCWM* or MPCBB* Secure Mode to Parameters is applicable
2024-03-20 15:15:40,702 [INFO] Rule:225 - rule Change MPCWM* or MPCBB* No Secure Mode to Parameters is applicable
2024-03-20 15:15:40,702 [INFO] Rule:225 - rule Change TZSC IP Secure Mode to Parameters is applicable
2024-03-20 15:15:40,702 [INFO] Rule:225 - rule Change TZSC IP No Secure Mode to Parameters is applicable
2024-03-20 15:15:40,702 [INFO] Rule:225 - rule Change TZSC IP Privilege Mode to Parameters is applicable
2024-03-20 15:15:40,703 [INFO] Rule:225 - rule Change TZSC IP No Privilege Mode to Parameters is applicable
2024-03-20 15:15:40,703 [INFO] Rule:225 - rule Change TZIC IT Secure Mode to Parameters is applicable
2024-03-20 15:15:40,703 [INFO] Rule:225 - rule Change TZIC IT No Secure Mode to Parameters is applicable
2024-03-20 15:15:40,703 [INFO] Rule:225 - rule Add MPCBB1_NonSecureArea_Start_Address value with referenced to MPCBB1_NonSecureArea_Start value is applicable
2024-03-20 15:15:40,703 [INFO] Rule:225 - rule Add MPCBB2_NonSecureArea_Start_Address value with referenced to MPCBB2_NonSecureArea_Start value is applicable
2024-03-20 15:15:40,703 [INFO] Rule:225 - rule Add MPCWM1_NonSecureArea*_Start_Address value with referenced to MPCWM1_NonSecureArea*_Start value is applicable
2024-03-20 15:15:40,703 [INFO] Rule:225 - rule Add MPCWM2_NonSecureArea*_Start_Address value with referenced to MPCWM2_NonSecureArea*_Start value is applicable
2024-03-20 15:15:40,703 [INFO] Rule:225 - rule Add MPCWM3_NonSecureArea_Start_Address value with referenced to MPCWM3_NonSecureArea_Start value is applicable
2024-03-20 15:15:40,703 [INFO] Rule:225 - rule Change Default Value for PLL1UserDefinedConfig is applicable
2024-03-20 15:15:40,704 [INFO] Rule:225 - rule OPAMP is applicable
2024-03-20 15:15:40,704 [INFO] Rule:225 - rule LPUART IPParameter rename Prescaler parameter to ClockPrescaler for STM32H7 is applicable
2024-03-20 15:15:40,704 [INFO] Rule:225 - rule LPUART IPParameter rename Prescaler parameter to ClockPrescaler for STM32H7 is applicable
2024-03-20 15:15:40,704 [INFO] Rule:225 - rule LPUART IPParameter rename Prescaler parameter to ClockPrescaler for STM32WB is applicable
2024-03-20 15:15:40,704 [INFO] Rule:225 - rule LPUART IPParameter rename Prescaler parameter to ClockPrescaler for STM32WB is applicable
2024-03-20 15:15:40,704 [INFO] Rule:225 - rule LPUART IPParameter rename Prescaler parameter to ClockPrescaler for STM32G4 is applicable
2024-03-20 15:15:40,704 [INFO] Rule:225 - rule LPUART IPParameter rename Prescaler parameter to ClockPrescaler for STM32G4 is applicable
2024-03-20 15:15:40,704 [INFO] Rule:225 - rule LPUART IPParameter rename Prescaler parameter to ClockPrescaler for STM32L5 is applicable
2024-03-20 15:15:40,705 [INFO] Rule:225 - rule LPUART IPParameter rename Prescaler parameter to ClockPrescaler for STM32L5 is applicable
2024-03-20 15:15:40,705 [INFO] Rule:225 - rule LPUART IPParameter rename Prescaler parameter to ClockPrescaler for STM32G4 is applicable
2024-03-20 15:15:40,705 [INFO] Rule:225 - rule LPUART IPParameter rename Prescaler parameter to ClockPrescaler for STM32G4 is applicable
2024-03-20 15:15:40,705 [INFO] Rule:225 - rule USB device lib V2.5.3 for L0 rename USBD_SUPPORT_USER_STRING parameter to USBD_SUPPORT_USER_STRING_DESC4 is applicable
2024-03-20 15:15:40,705 [INFO] Rule:225 - rule I2SCLockSelection clock entry align is applicable
2024-03-20 15:15:40,705 [INFO] Rule:225 - rule Assign TIMx context if used as SYS timebase is applicable
2024-03-20 15:15:40,705 [INFO] Rule:225 - rule Change GPIO_Pu Default Value for I2C is applicable
2024-03-20 15:15:40,705 [INFO] Rule:225 - rule Change GPIO_Pu Default Value for SMBus is applicable
2024-03-20 15:15:40,705 [INFO] Rule:225 - rule change FDCAN default value is applicable
2024-03-20 15:15:40,705 [INFO] Rule:225 - rule Change mode sai is applicable
2024-03-20 15:15:40,705 [INFO] Rule:225 - rule **Change sai mode is applicable
2024-03-20 15:15:40,713 [INFO] DbConfProperties:305 - Apply Compatibility (10/127 Rules)
2024-03-20 15:15:41,440 [INFO] RtosManager:489 - Registered RTOS mode: class=CMSIS, group=RTOS, mode=CMSIS_V1, owner=FREERTOS
2024-03-20 15:15:41,440 [INFO] RtosManager:489 - Registered RTOS mode: class=CMSIS, group=RTOS2, mode=CMSIS_V2, owner=FREERTOS
2024-03-20 15:15:41,440 [INFO] RtosManager:489 - Registered RTOS mode: class=RTOS, group=Core, mode=CMSIS_V1, owner=FREERTOS
2024-03-20 15:15:41,441 [INFO] RtosManager:489 - Registered RTOS mode: class=RTOS, group=Core, mode=CMSIS_V2, owner=FREERTOS
2024-03-20 15:15:41,441 [WARN] ModelIntegratedComponent:185 - Missing modes for component STMicroelectronics:FreeRTOS:0.0.1:STMicroelectronics:RTOS:FreeRTOS:Core:::10.2.0:
2024-03-20 15:15:41,476 [WARN] ModelIntegratedComponent:64 - No mode defined for component null
2024-03-20 15:15:41,476 [WARN] ModelIntegratedComponent:64 - No mode defined for component null
2024-03-20 15:15:41,477 [WARN] ModelIntegratedComponent:64 - No mode defined for component null
2024-03-20 15:15:41,477 [WARN] ModelIntegratedComponent:64 - No mode defined for component null
2024-03-20 15:15:41,477 [WARN] ModelIntegratedComponent:64 - No mode defined for component null
2024-03-20 15:15:41,477 [WARN] ModelIntegratedComponent:64 - No mode defined for component null
2024-03-20 15:15:41,477 [WARN] ModelIntegratedComponent:64 - No mode defined for component null
2024-03-20 15:15:41,478 [WARN] ModelIntegratedComponent:64 - No mode defined for component null
2024-03-20 15:15:41,478 [WARN] ModelIntegratedComponent:64 - No mode defined for component null
2024-03-20 15:15:41,478 [WARN] ModelIntegratedComponent:64 - No mode defined for component null
2024-03-20 15:15:41,478 [WARN] ModelIntegratedComponent:64 - No mode defined for component null
2024-03-20 15:15:41,478 [WARN] ModelIntegratedComponent:64 - No mode defined for component null
2024-03-20 15:15:41,478 [WARN] ModelIntegratedComponent:64 - No mode defined for component null
2024-03-20 15:15:41,478 [WARN] ModelIntegratedComponent:64 - No mode defined for component null
2024-03-20 15:15:41,478 [WARN] ModelIntegratedComponent:64 - No mode defined for component null
2024-03-20 15:15:41,478 [WARN] ModelIntegratedComponent:64 - No mode defined for component null
2024-03-20 15:15:41,479 [WARN] ModelIntegratedComponent:64 - No mode defined for component null
2024-03-20 15:15:41,479 [WARN] ModelIntegratedComponent:64 - No mode defined for component null
2024-03-20 15:15:41,479 [WARN] ModelIntegratedComponent:64 - No mode defined for component null
2024-03-20 15:15:41,479 [WARN] ModelIntegratedComponent:64 - No mode defined for component null
2024-03-20 15:15:41,479 [WARN] ModelIntegratedComponent:64 - No mode defined for component null
2024-03-20 15:15:41,480 [WARN] ModelIntegratedComponent:64 - No mode defined for component null
2024-03-20 15:15:41,480 [WARN] ModelIntegratedComponent:64 - No mode defined for component null
2024-03-20 15:15:41,480 [WARN] ModelIntegratedComponent:64 - No mode defined for component null
2024-03-20 15:15:41,480 [WARN] ModelIntegratedComponent:64 - No mode defined for component null
2024-03-20 15:15:41,480 [WARN] ModelIntegratedComponent:64 - No mode defined for component null
2024-03-20 15:15:41,481 [WARN] ModelIntegratedComponent:64 - No mode defined for component null
2024-03-20 15:15:41,481 [WARN] ModelIntegratedComponent:64 - No mode defined for component null
2024-03-20 15:15:41,481 [WARN] ModelIntegratedComponent:64 - No mode defined for component null
2024-03-20 15:15:41,481 [WARN] ModelIntegratedComponent:64 - No mode defined for component null
2024-03-20 15:15:41,482 [WARN] ModelIntegratedComponent:64 - No mode defined for component null
2024-03-20 15:15:41,482 [WARN] ModelIntegratedComponent:64 - No mode defined for component null
2024-03-20 15:15:41,482 [WARN] ModelIntegratedComponent:64 - No mode defined for component null
2024-03-20 15:15:41,878 [INFO] ThirdPartyModel:294 - Start build external matchings
2024-03-20 15:15:44,067 [INFO] ThirdPartyModel:310 - End build external matchings
2024-03-20 15:15:44,703 [INFO] UtilMem:74 - End LoadConfig() Used Memory: 691512544 Bytes (854589440)
2024-03-20 15:15:44,891 [WARN] ThirdParty:807 - waiting for thirdparty lock release [change project]
2024-03-20 15:15:44,892 [INFO] ThirdParty:809 - entering critical section [change project]
2024-03-20 15:15:44,892 [INFO] ThirdParty:999 - CMSIS Pack Vendor :STMicroelectronics X-CUBE-ISPU 1.1.0
2024-03-20 15:15:44,892 [INFO] ThirdParty:999 - CMSIS Pack Vendor :RoweBots I-CUBE-UNISONRTOS 5.5.0-4
2024-03-20 15:15:44,893 [INFO] ThirdParty:999 - CMSIS Pack Vendor :STMicroelectronics X-CUBE-GNSS1 6.0.0
2024-03-20 15:15:44,893 [INFO] ThirdParty:999 - CMSIS Pack Vendor :STMicroelectronics USB_HOST 2.0.0
2024-03-20 15:15:44,893 [INFO] ThirdParty:999 - CMSIS Pack Vendor :STMicroelectronics X-CUBE-AZRTOS-F4 1.1.0
2024-03-20 15:15:44,893 [INFO] ThirdParty:999 - CMSIS Pack Vendor :STMicroelectronics LIBJPEG 8.0.0
2024-03-20 15:15:44,893 [INFO] ThirdParty:999 - CMSIS Pack Vendor :STMicroelectronics X-CUBE-SMBUS 2.1.0
2024-03-20 15:15:44,893 [INFO] ThirdParty:999 - CMSIS Pack Vendor :STMicroelectronics USB_DEVICE 3.0.0
2024-03-20 15:15:44,893 [INFO] ThirdParty:999 - CMSIS Pack Vendor :STMicroelectronics X-CUBE-AI 8.0.0
2024-03-20 15:15:44,893 [INFO] ThirdParty:999 - CMSIS Pack Vendor :STMicroelectronics X-CUBE-AZRTOS-WB 2.0.0
2024-03-20 15:15:44,893 [INFO] ThirdParty:999 - CMSIS Pack Vendor :STMicroelectronics X-CUBE-FREERTOS 1.0.0
2024-03-20 15:15:44,893 [INFO] ThirdParty:999 - CMSIS Pack Vendor :STMicroelectronics X-CUBE-FREERTOS 1.0.1
2024-03-20 15:15:44,893 [INFO] ThirdParty:999 - CMSIS Pack Vendor :STMicroelectronics X-CUBE-TOUCHGFX 4.21.1
2024-03-20 15:15:44,893 [INFO] ThirdParty:999 - CMSIS Pack Vendor :STMicroelectronics X-CUBE-TOUCHGFX 4.21.3
2024-03-20 15:15:44,894 [INFO] ThirdParty:999 - CMSIS Pack Vendor :STMicroelectronics X-CUBE-TOUCHGFX 4.23.0
2024-03-20 15:15:44,894 [INFO] ThirdParty:999 - CMSIS Pack Vendor :STMicroelectronics X-CUBE-AZRTOS-F7 1.1.0
2024-03-20 15:15:44,894 [INFO] ThirdParty:999 - CMSIS Pack Vendor :STMicroelectronics X-CUBE-TOUCHGFX 4.21.4
2024-03-20 15:15:44,895 [INFO] ThirdParty:999 - CMSIS Pack Vendor :STMicroelectronics X-CUBE-AZRTOS-L5 2.0.0
2024-03-20 15:15:44,895 [INFO] ThirdParty:999 - CMSIS Pack Vendor :STMicroelectronics X-CUBE-MEMS1 9.4.0
2024-03-20 15:15:44,895 [INFO] ThirdParty:999 - CMSIS Pack Vendor :STMicroelectronics USB_DEVICE 2.0.0
2024-03-20 15:15:44,895 [INFO] ThirdParty:999 - CMSIS Pack Vendor :STMicroelectronics X-CUBE-AI 7.3.0
2024-03-20 15:15:44,895 [INFO] ThirdParty:999 - CMSIS Pack Vendor :STMicroelectronics X-CUBE-MEMS1 9.6.0
2024-03-20 15:15:44,895 [INFO] ThirdParty:999 - CMSIS Pack Vendor :STMicroelectronics X-CUBE-NFC6 3.1.0
2024-03-20 15:15:44,895 [INFO] ThirdParty:999 - CMSIS Pack Vendor :ITTIA_DB I-CUBE-ITTIADB 8.8.0
2024-03-20 15:15:44,895 [INFO] ThirdParty:999 - CMSIS Pack Vendor :STMicroelectronics FP-SNS-MOTENV1 4.3.0
2024-03-20 15:15:44,895 [INFO] ThirdParty:999 - CMSIS Pack Vendor :STMicroelectronics FP-SNS-MOTENV1 4.3.2
2024-03-20 15:15:44,895 [INFO] ThirdParty:999 - CMSIS Pack Vendor :STMicroelectronics FP-SNS-FLIGHT1 5.0.0
2024-03-20 15:15:44,896 [INFO] ThirdParty:999 - CMSIS Pack Vendor :STMicroelectronics FP-SNS-MOTENV1 4.3.1
2024-03-20 15:15:44,896 [INFO] ThirdParty:999 - CMSIS Pack Vendor :STMicroelectronics FP-SNS-FLIGHT1 5.0.1
2024-03-20 15:15:44,896 [INFO] ThirdParty:999 - CMSIS Pack Vendor :STMicroelectronics X-CUBE-ALGOBUILD 1.3.0
2024-03-20 15:15:44,896 [INFO] ThirdParty:999 - CMSIS Pack Vendor :STMicroelectronics X-CUBE-BLE1 6.2.4
2024-03-20 15:15:44,896 [INFO] ThirdParty:999 - CMSIS Pack Vendor :STMicroelectronics X-CUBE-AZRTOS-L5 1.1.0
2024-03-20 15:15:44,896 [INFO] ThirdParty:999 - CMSIS Pack Vendor :STMicroelectronics FreeRTOS 0.0.1
2024-03-20 15:15:44,896 [INFO] ThirdParty:999 - CMSIS Pack Vendor :STMicroelectronics X-CUBE-AZRTOS-G0 1.1.0
2024-03-20 15:15:44,896 [INFO] ThirdParty:999 - CMSIS Pack Vendor :emotas I-CUBE-CANOPEN 1.1.3
2024-03-20 15:15:44,896 [INFO] ThirdParty:999 - CMSIS Pack Vendor :STMicroelectronics X-CUBE-BLEMGR 2.0.0
2024-03-20 15:15:44,896 [INFO] ThirdParty:999 - CMSIS Pack Vendor :STMicroelectronics X-CUBE-AI 8.0.1
2024-03-20 15:15:44,897 [INFO] ThirdParty:999 - CMSIS Pack Vendor :STMicroelectronics X-CUBE-NFC4 3.0.0
2024-03-20 15:15:44,897 [INFO] ThirdParty:999 - CMSIS Pack Vendor :STMicroelectronics X-CUBE-SUBG2 5.0.0
2024-03-20 15:15:44,897 [INFO] ThirdParty:999 - CMSIS Pack Vendor :STMicroelectronics STM32_WPAN 1.0.0
2024-03-20 15:15:44,897 [INFO] ThirdParty:999 - CMSIS Pack Vendor :STMicroelectronics lwIP 2.0.3
2024-03-20 15:15:44,897 [INFO] ThirdParty:999 - CMSIS Pack Vendor :STMicroelectronics FP-SNS-FLIGHT1 5.0.2
2024-03-20 15:15:44,897 [INFO] ThirdParty:999 - CMSIS Pack Vendor :STMicroelectronics USB_HOST 1.0.0
2024-03-20 15:15:44,897 [INFO] ThirdParty:999 - CMSIS Pack Vendor :STMicroelectronics X-CUBE-AZRTOS-G4 2.0.0
2024-03-20 15:15:44,897 [INFO] ThirdParty:999 - CMSIS Pack Vendor :STMicroelectronics PDM2PCM 3.1.0
2024-03-20 15:15:44,898 [INFO] ThirdParty:999 - CMSIS Pack Vendor :STMicroelectronics X-CUBE-AZRTOS-H7 3.1.0
2024-03-20 15:15:44,898 [INFO] ThirdParty:999 - CMSIS Pack Vendor :STMicroelectronics X-CUBE-TOF1 3.3.0
2024-03-20 15:15:44,898 [INFO] ThirdParty:999 - CMSIS Pack Vendor :STMicroelectronics FP-ATR-ASTRA1 1.1.1
2024-03-20 15:15:44,898 [INFO] ThirdParty:999 - CMSIS Pack Vendor :Infineon AIROC-Wi-Fi-Bluetooth-STM32 1.5.1
2024-03-20 15:15:44,898 [INFO] ThirdParty:999 - CMSIS Pack Vendor :STMicroelectronics PDM2PCM 3.3.0
2024-03-20 15:15:44,898 [INFO] ThirdParty:999 - CMSIS Pack Vendor :STMicroelectronics X-CUBE-DISPLAY 3.0.0
2024-03-20 15:15:44,898 [INFO] ThirdParty:999 - CMSIS Pack Vendor :STMicroelectronics X-CUBE-BLEMGR 1.3.0
2024-03-20 15:15:44,899 [INFO] ThirdParty:999 - CMSIS Pack Vendor :STMicroelectronics FP-SNS-MOTENVWB1 1.3.1
2024-03-20 15:15:44,899 [INFO] ThirdParty:999 - CMSIS Pack Vendor :STMicroelectronics X-CUBE-BLE1 7.0.0
2024-03-20 15:15:44,899 [INFO] ThirdParty:999 - CMSIS Pack Vendor :STMicroelectronics FP-ATR-SIGFOX1 3.2.0
2024-03-20 15:15:44,899 [INFO] ThirdParty:999 - CMSIS Pack Vendor :STMicroelectronics X-CUBE-AZRTOS-G4 1.0.0
2024-03-20 15:15:44,899 [INFO] ThirdParty:999 - CMSIS Pack Vendor :wolfSSL I-CUBE-wolfSSL 5.5.4
2024-03-20 15:15:44,899 [INFO] ThirdParty:999 - CMSIS Pack Vendor :STMicroelectronics X-CUBE-AZRTOS-L4 1.0.0
2024-03-20 15:15:44,899 [INFO] ThirdParty:999 - CMSIS Pack Vendor :STMicroelectronics X-CUBE-ISPU 2.0.0
2024-03-20 15:15:44,899 [INFO] ThirdParty:999 - CMSIS Pack Vendor :STMicroelectronics X-CUBE-EEPRMA1 5.1.0
2024-03-20 15:15:44,899 [INFO] ThirdParty:999 - CMSIS Pack Vendor :STMicroelectronics HAL Drivers 0.0.0
2024-03-20 15:15:44,899 [INFO] ThirdParty:999 - CMSIS Pack Vendor :STMicroelectronics MBEDTLS 2.16.2
2024-03-20 15:15:44,899 [INFO] ThirdParty:999 - CMSIS Pack Vendor :STMicroelectronics X-CUBE-MEMS1 10.0.0
2024-03-20 15:15:44,899 [INFO] ThirdParty:999 - CMSIS Pack Vendor :STMicroelectronics X-CUBE-FREERTOS 1.1.0
2024-03-20 15:15:44,899 [INFO] ThirdParty:999 - CMSIS Pack Vendor :STMicroelectronics X-CUBE-NFC7 1.0.1
2024-03-20 15:15:44,899 [INFO] ThirdParty:999 - CMSIS Pack Vendor :STMicroelectronics MBEDTLS 2.14.1
2024-03-20 15:15:44,899 [INFO] ThirdParty:999 - CMSIS Pack Vendor :STMicroelectronics X-CUBE-NFC7 1.0.0
2024-03-20 15:15:44,899 [INFO] ThirdParty:999 - CMSIS Pack Vendor :STMicroelectronics X-CUBE-AZRTOS-WL 1.0.0
2024-03-20 15:15:44,899 [INFO] ThirdParty:999 - CMSIS Pack Vendor :STMicroelectronics X-CUBE-EEPRMA1 4.1.0
2024-03-20 15:15:44,899 [INFO] ThirdParty:999 - CMSIS Pack Vendor :portGmbH I-Cube-SoM-uGOAL 1.1.0
2024-03-20 15:15:44,899 [INFO] ThirdParty:999 - CMSIS Pack Vendor :STMicroelectronics X-CUBE-ALS 1.0.1
2024-03-20 15:15:44,899 [INFO] ThirdParty:999 - CMSIS Pack Vendor :STMicroelectronics X-CUBE-MEMS1 9.5.0
2024-03-20 15:15:44,899 [INFO] ThirdParty:999 - CMSIS Pack Vendor :STMicroelectronics X-CUBE-BLEMGR 3.1.0
2024-03-20 15:15:44,900 [INFO] ThirdParty:999 - CMSIS Pack Vendor :ARM CMSIS 5.6.0
2024-03-20 15:15:44,900 [INFO] ThirdParty:999 - CMSIS Pack Vendor :STMicroelectronics ThreadX 1.0.0
2024-03-20 15:15:44,900 [INFO] ThirdParty:999 - CMSIS Pack Vendor :STMicroelectronics FP-SNS-SMARTAG2 1.2.0
2024-03-20 15:15:44,900 [INFO] ThirdParty:999 - CMSIS Pack Vendor :STMicroelectronics X-CUBE-AZRTOS-WB 1.1.0
2024-03-20 15:15:44,900 [INFO] ThirdParty:999 - CMSIS Pack Vendor :STMicroelectronics X-CUBE-AZRTOS-WL 2.0.0
2024-03-20 15:15:44,900 [INFO] ThirdParty:999 - CMSIS Pack Vendor :SEGGER I-CUBE-embOS 1.3.1
2024-03-20 15:15:44,900 [INFO] ThirdParty:999 - CMSIS Pack Vendor :STMicroelectronics USB_DEVICE 1.0.0
2024-03-20 15:15:44,900 [INFO] ThirdParty:999 - CMSIS Pack Vendor :STMicroelectronics X-CUBE-AI 8.1.0
2024-03-20 15:15:44,900 [INFO] ThirdParty:999 - CMSIS Pack Vendor :SEGGER I-CUBE-embOS 1.3.0
2024-03-20 15:15:44,900 [INFO] ThirdParty:999 - CMSIS Pack Vendor :STMicroelectronics X-CUBE-AZRTOS-L4 2.0.0
2024-03-20 15:15:44,900 [INFO] ThirdParty:999 - CMSIS Pack Vendor :STMicroelectronics ThreadX 0.0.2
2024-03-20 15:15:44,901 [INFO] ThirdParty:999 - CMSIS Pack Vendor :WES I-CUBE-Cesium 1.3.0
2024-03-20 15:15:44,901 [INFO] ThirdParty:999 - CMSIS Pack Vendor :STMicroelectronics FP-ATR-ASTRA1 2.0.0
2024-03-20 15:15:44,901 [INFO] ThirdParty:999 - CMSIS Pack Vendor :STMicroelectronics lwIP 2.1.2
2024-03-20 15:15:44,901 [INFO] ThirdParty:999 - CMSIS Pack Vendor :STMicroelectronics X-CUBE-SFXS2LP1 4.0.0
2024-03-20 15:15:44,901 [INFO] ThirdParty:999 - CMSIS Pack Vendor :STMicroelectronics X-CUBE-BLE2 3.3.0
2024-03-20 15:15:44,901 [INFO] ThirdParty:999 - CMSIS Pack Vendor :STMicroelectronics X-CUBE-DISPLAY 2.2.0
2024-03-20 15:15:44,901 [INFO] ThirdParty:999 - CMSIS Pack Vendor :STMicroelectronics X-CUBE-TOF1 3.4.1
2024-03-20 15:15:44,901 [INFO] ThirdParty:999 - CMSIS Pack Vendor :STMicroelectronics X-CUBE-TOF1 3.2.0
2024-03-20 15:15:44,901 [INFO] ThirdParty:999 - CMSIS Pack Vendor :STMicroelectronics X-CUBE-AZRTOS-H7 3.2.0
2024-03-20 15:15:44,901 [INFO] ThirdParty:999 - CMSIS Pack Vendor :STMicroelectronics PDM2PCM 3.2.0
2024-03-20 15:15:44,901 [INFO] ThirdParty:999 - CMSIS Pack Vendor :STMicroelectronics X-CUBE-AZRTOS-H7 3.0.0
2024-03-20 15:15:44,902 [INFO] ThirdParty:815 - exiting critical section [change project]
2024-03-20 15:15:45,472 [INFO] PinOutPanel:1477 - setPackage(No Configuration,No Configuration)
2024-03-20 15:15:45,473 [INFO] PinOutPanel:1477 - setPackage(STM32G431KBTx,LQFP32)
2024-03-20 15:15:46,103 [INFO] UtilMem:74 - Before build in PCC Used Memory: 740523520 Bytes (854589440)
2024-03-20 15:15:47,366 [INFO] UtilMem:74 - After build in PCC Used Memory: 725692176 Bytes (854589440)
2024-03-20 15:15:47,410 [INFO] IPUIPlugin:79 - create IPUIPlugin
2024-03-20 15:15:47,410 [INFO] IPUIPlugin:79 - create IPUIPlugin
2024-03-20 15:15:47,411 [INFO] IPUIPlugin:79 - create IPUIPlugin
2024-03-20 15:15:47,411 [INFO] IPUIPlugin:79 - create IPUIPlugin
2024-03-20 15:15:47,411 [INFO] IPUIPlugin:79 - create IPUIPlugin
2024-03-20 15:15:47,411 [INFO] IPUIPlugin:79 - create IPUIPlugin
2024-03-20 15:15:47,412 [INFO] IPUIPlugin:79 - create IPUIPlugin
2024-03-20 15:15:47,412 [INFO] IPUIPlugin:79 - create IPUIPlugin
2024-03-20 15:15:47,413 [INFO] IPUIPlugin:79 - create IPUIPlugin
2024-03-20 15:15:47,413 [INFO] IPUIPlugin:79 - create IPUIPlugin
2024-03-20 15:15:47,414 [INFO] IPUIPlugin:79 - create IPUIPlugin
2024-03-20 15:15:47,414 [INFO] IPUIPlugin:79 - create IPUIPlugin
2024-03-20 15:15:47,414 [INFO] IPUIPlugin:79 - create IPUIPlugin
2024-03-20 15:15:47,414 [INFO] IPUIPlugin:79 - create IPUIPlugin
2024-03-20 15:15:47,414 [INFO] IPUIPlugin:79 - create IPUIPlugin
2024-03-20 15:15:47,415 [INFO] IPUIPlugin:79 - create IPUIPlugin
2024-03-20 15:15:47,415 [INFO] IPUIPlugin:79 - create IPUIPlugin
2024-03-20 15:15:47,415 [INFO] IPUIPlugin:79 - create IPUIPlugin
2024-03-20 15:15:47,416 [INFO] IPUIPlugin:79 - create IPUIPlugin
2024-03-20 15:15:47,417 [INFO] IPUIPlugin:79 - create IPUIPlugin
2024-03-20 15:15:47,417 [INFO] IPUIPlugin:79 - create IPUIPlugin
2024-03-20 15:15:47,417 [INFO] IPUIPlugin:79 - create IPUIPlugin
2024-03-20 15:15:47,418 [INFO] IPUIPlugin:79 - create IPUIPlugin
2024-03-20 15:15:47,418 [INFO] IPUIPlugin:79 - create IPUIPlugin
2024-03-20 15:15:47,419 [INFO] IPUIPlugin:79 - create IPUIPlugin
2024-03-20 15:15:47,419 [INFO] IPUIPlugin:79 - create IPUIPlugin
2024-03-20 15:15:47,420 [INFO] IPUIPlugin:79 - create IPUIPlugin
2024-03-20 15:15:47,420 [INFO] IPUIPlugin:79 - create IPUIPlugin
2024-03-20 15:15:47,420 [INFO] IPUIPlugin:79 - create IPUIPlugin
2024-03-20 15:15:47,421 [INFO] IPUIPlugin:79 - create IPUIPlugin
2024-03-20 15:15:47,421 [INFO] IPUIPlugin:79 - create IPUIPlugin
2024-03-20 15:15:47,421 [INFO] IPUIPlugin:79 - create IPUIPlugin
2024-03-20 15:15:47,422 [INFO] IPUIPlugin:79 - create IPUIPlugin
2024-03-20 15:15:47,422 [INFO] IPUIPlugin:79 - create IPUIPlugin
2024-03-20 15:15:47,423 [INFO] IPUIPlugin:79 - create IPUIPlugin
2024-03-20 15:15:47,423 [INFO] IPUIPlugin:79 - create IPUIPlugin
2024-03-20 15:15:47,423 [INFO] IPUIPlugin:79 - create IPUIPlugin
2024-03-20 15:15:47,424 [INFO] IPUIPlugin:79 - create IPUIPlugin
2024-03-20 15:15:47,424 [INFO] IPUIPlugin:79 - create IPUIPlugin
2024-03-20 15:15:47,425 [INFO] IPUIPlugin:79 - create IPUIPlugin
2024-03-20 15:15:47,425 [INFO] IPUIPlugin:79 - create IPUIPlugin
2024-03-20 15:15:47,426 [INFO] IPUIPlugin:79 - create IPUIPlugin
2024-03-20 15:15:47,426 [INFO] IPUIPlugin:79 - create IPUIPlugin
2024-03-20 15:15:47,427 [INFO] IPUIPlugin:79 - create IPUIPlugin
2024-03-20 15:15:47,427 [INFO] IPUIPlugin:79 - create IPUIPlugin
2024-03-20 15:15:47,428 [INFO] IPUIPlugin:79 - create IPUIPlugin
2024-03-20 15:15:47,428 [INFO] IPUIPlugin:79 - create IPUIPlugin
2024-03-20 15:15:47,429 [INFO] IPUIPlugin:79 - create IPUIPlugin
2024-03-20 15:15:47,429 [INFO] IPUIPlugin:79 - create IPUIPlugin
2024-03-20 15:15:47,430 [INFO] IPUIPlugin:79 - create IPUIPlugin
2024-03-20 15:15:47,431 [INFO] IPUIPlugin:79 - create IPUIPlugin
2024-03-20 15:15:47,432 [INFO] IPUIPlugin:79 - create IPUIPlugin
2024-03-20 15:15:47,433 [INFO] IPUIPlugin:79 - create IPUIPlugin
2024-03-20 15:15:47,434 [INFO] IPUIPlugin:79 - create IPUIPlugin
2024-03-20 15:15:47,435 [INFO] IPUIPlugin:79 - create IPUIPlugin
2024-03-20 15:15:47,436 [INFO] IPUIPlugin:79 - create IPUIPlugin
2024-03-20 15:15:47,739 [INFO] CADModel:164 - CPN selected for project levelSTM32G431KBT6
2024-03-20 15:15:47,740 [INFO] CADModel:113 - Register for checkConnection events
2024-03-20 15:15:47,799 [INFO] OpenFileManager:327 - Restore cursor
2024-03-20 15:15:49,141 [INFO] UtilMem:74 - End SaveConfig() Used Memory: 731991440 Bytes (854589440)
2024-03-20 15:15:49,442 [INFO] ServerAccessManage:474 - Download File stm32cube_fw_g4_v150.zip
2024-03-20 15:16:05,533 [INFO] AnalyticsPlugin:363 - Accepted License(s): [FW.G4.1.5.0]
2024-03-20 15:16:05,535 [INFO] FileExtend:239 - Unzip File : stm32cube_fw_g4_v150.zip
2024-03-20 15:16:05,536 [INFO] FileExtend:254 - Standard Zip Deflate
2024-03-20 15:17:20,689 [INFO] ServerAccessManage:474 - Download File stm32cube_fw_g4_v152.zip
2024-03-20 15:17:27,643 [INFO] FileExtend:239 - Unzip File : stm32cube_fw_g4_v152.zip
2024-03-20 15:17:27,643 [INFO] FileExtend:254 - Standard Zip Deflate
2024-03-20 15:18:26,193 [INFO] LoadServerPackagesThread:190 - End of LoadServerPackages Thread
2024-03-20 15:18:26,422 [INFO] ThirdPartyModel:294 - Start build external matchings
2024-03-20 15:18:26,460 [INFO] UtilMem:74 - End SaveConfig() Used Memory: 813454392 Bytes (1073741824)
2024-03-20 15:18:27,733 [INFO] BlockDiagram:2759 - set Specific Code input for plugin: SYS
2024-03-20 15:18:27,733 [INFO] BlockDiagram:2759 - set Specific Code input for plugin: RCC
2024-03-20 15:18:27,733 [INFO] BlockDiagram:2759 - set Specific Code input for plugin: NVIC
2024-03-20 15:18:27,733 [INFO] BlockDiagram:2759 - set Specific Code input for plugin: USART
2024-03-20 15:18:27,734 [INFO] BlockDiagram:2759 - set Specific Code input for plugin: GPIO
2024-03-20 15:18:27,738 [INFO] CodeGenerator:692 - code generatio: config db path: C:\ST\STM32CubeIDE_1.11.0\STM32CubeIDE\plugins\com.st.stm32cube.common.mx_6.7.0.202211181646\\db\
2024-03-20 15:18:29,039 [INFO] CodeEngine:247 - oldGeneratedFile, C:\Users\kwan2\Documents\3-2 FIBO\FRA532 Mobile Robot\FRA532_Project_6431_6462_6471\Micro_ROS\MXTmpFiles\license.tmp_save
2024-03-20 15:18:29,899 [INFO] CodeEngine:271 - Generated code: C:\Users\kwan2\Documents\3-2 FIBO\FRA532 Mobile Robot\FRA532_Project_6431_6462_6471\Micro_ROS\MXTmpFiles\license.tmp
2024-03-20 15:18:30,159 [INFO] CodeEngine:247 - oldGeneratedFile, C:\Users\kwan2\Documents\3-2 FIBO\FRA532 Mobile Robot\FRA532_Project_6431_6462_6471\Micro_ROS\MXTmpFiles\gpio.tmp_save
2024-03-20 15:18:30,546 [INFO] CodeEngine:271 - Generated code: C:\Users\kwan2\Documents\3-2 FIBO\FRA532 Mobile Robot\FRA532_Project_6431_6462_6471\Micro_ROS\MXTmpFiles\gpio.tmp
2024-03-20 15:18:30,863 [INFO] CodeEngine:247 - oldGeneratedFile, C:\Users\kwan2\Documents\3-2 FIBO\FRA532 Mobile Robot\FRA532_Project_6431_6462_6471\Micro_ROS\Core\Src\stm32g4xx_it.c_save
2024-03-20 15:18:31,239 [INFO] CodeEngine:271 - Generated code: C:\Users\kwan2\Documents\3-2 FIBO\FRA532 Mobile Robot\FRA532_Project_6431_6462_6471\Micro_ROS\Core\Src\stm32g4xx_it.c
2024-03-20 15:18:31,332 [INFO] CodeEngine:247 - oldGeneratedFile, C:\Users\kwan2\Documents\3-2 FIBO\FRA532 Mobile Robot\FRA532_Project_6431_6462_6471\Micro_ROS\Core\Inc\stm32g4xx_it.h_save
2024-03-20 15:18:31,592 [INFO] CodeEngine:271 - Generated code: C:\Users\kwan2\Documents\3-2 FIBO\FRA532 Mobile Robot\FRA532_Project_6431_6462_6471\Micro_ROS\Core\Inc\stm32g4xx_it.h
2024-03-20 15:18:31,668 [INFO] CodeEngine:247 - oldGeneratedFile, C:\Users\kwan2\Documents\3-2 FIBO\FRA532 Mobile Robot\FRA532_Project_6431_6462_6471\Micro_ROS\Core\Src\stm32g4xx_hal_msp.c_save
2024-03-20 15:18:32,031 [INFO] CodeEngine:271 - Generated code: C:\Users\kwan2\Documents\3-2 FIBO\FRA532 Mobile Robot\FRA532_Project_6431_6462_6471\Micro_ROS\Core\Src\stm32g4xx_hal_msp.c
2024-03-20 15:18:32,069 [INFO] CodeEngine:247 - oldGeneratedFile, C:\Users\kwan2\Documents\3-2 FIBO\FRA532 Mobile Robot\FRA532_Project_6431_6462_6471\Micro_ROS\MXTmpFiles\system.tmp_save
2024-03-20 15:18:32,283 [INFO] CodeEngine:271 - Generated code: C:\Users\kwan2\Documents\3-2 FIBO\FRA532 Mobile Robot\FRA532_Project_6431_6462_6471\Micro_ROS\MXTmpFiles\system.tmp
2024-03-20 15:18:32,317 [INFO] CodeEngine:303 - oldGeneratedFile, C:\Users\kwan2\Documents\3-2 FIBO\FRA532 Mobile Robot\FRA532_Project_6431_6462_6471\Micro_ROS\Core\Inc\stm32g4xx_hal_conf.h_save
2024-03-20 15:18:32,550 [INFO] CodeEngine:327 - Generated code: C:\Users\kwan2\Documents\3-2 FIBO\FRA532 Mobile Robot\FRA532_Project_6431_6462_6471\Micro_ROS\Core\Inc\stm32g4xx_hal_conf.h
2024-03-20 15:18:32,623 [WARN] IPConfigManager:2928 - Warning: the RefConfig RCC_CommonPeriphClockConfig is not available in your config.xml file
2024-03-20 15:18:32,657 [INFO] CodeEngine:247 - oldGeneratedFile, C:\Users\kwan2\Documents\3-2 FIBO\FRA532 Mobile Robot\FRA532_Project_6431_6462_6471\Micro_ROS\Core\Inc\main.h_save
2024-03-20 15:18:32,921 [INFO] CodeEngine:271 - Generated code: C:\Users\kwan2\Documents\3-2 FIBO\FRA532 Mobile Robot\FRA532_Project_6431_6462_6471\Micro_ROS\Core\Inc\main.h
2024-03-20 15:18:32,944 [INFO] CodeEngine:247 - oldGeneratedFile, C:\Users\kwan2\Documents\3-2 FIBO\FRA532 Mobile Robot\FRA532_Project_6431_6462_6471\Micro_ROS\Core\Src\main.c_save
2024-03-20 15:18:33,048 [INFO] ThirdPartyModel:310 - End build external matchings
2024-03-20 15:18:33,106 [INFO] CheckServerUpdateThread:119 - End of CheckServer Thread
2024-03-20 15:18:33,201 [INFO] CodeEngine:271 - Generated code: C:\Users\kwan2\Documents\3-2 FIBO\FRA532 Mobile Robot\FRA532_Project_6431_6462_6471\Micro_ROS\Core\Src\main.c
2024-03-20 15:18:34,155 [INFO] ProjectBuilder:2919 - Time for Copy HAL[1] : 255mS.
2024-03-20 15:18:34,172 [INFO] ProjectBuilder:4183 - Project Generator version: 3.18.0-B7
2024-03-20 15:18:34,694 [INFO] ConfigFileManager:1396 - The Die is : DIE468
2024-03-20 15:18:34,717 [INFO] ApiDbMcu:505 - Load IP Config File for FATFS
2024-03-20 15:18:34,739 [INFO] ApiDbMcu:505 - Load IP Config File for FREERTOS
2024-03-20 15:18:34,759 [INFO] ApiDbMcu:505 - Load IP Config File for USBPD
2024-03-20 15:18:34,786 [INFO] ApiDbMcu:505 - Load IP Config File for USB_Device
2024-03-20 15:18:41,466 [INFO] ProjectBuilder:4351 - Time for Generating toolchain IDE Files: 7294mS.
2024-03-20 15:18:41,468 [INFO] ProjectBuilder:2790 - Time for Copy CMSIS : 1mS.
2024-03-20 15:18:41,471 [INFO] ProjectBuilder:2790 - Time for Copy CMSIS : 0mS.
2024-03-20 15:18:42,137 [INFO] McuFinderGlobals:65 - Set McuFinderConnectedMode to true
2024-03-20 15:18:42,143 [INFO] ApiDb:447 - Save user favorites file C:\Users\kwan2/.stm32cubeide/favorites.mcus.txt: 0 item(s)
2024-03-20 15:18:42,144 [INFO] ApiDb:451 - User favorites MCUs=[]
2024-03-20 15:18:42,146 [INFO] ApiDb:447 - Save user favorites file C:\Users\kwan2/.stm32cubeide/favorites.boards.txt: 2 item(s)
2024-03-20 15:18:42,147 [INFO] ApiDb:451 - User favorites Boards=[NUCLEO-F411RE, NUCLEO-G431KB]
2024-03-20 15:20:29,054 [INFO] UtilMem:74 - End SaveConfig() Used Memory: 686479728 Bytes (1073741824)
2024-03-20 15:20:29,681 [INFO] BlockDiagram:2759 - set Specific Code input for plugin: SYS
2024-03-20 15:20:29,681 [INFO] BlockDiagram:2759 - set Specific Code input for plugin: RCC
2024-03-20 15:20:29,681 [INFO] BlockDiagram:2759 - set Specific Code input for plugin: NVIC
2024-03-20 15:20:29,681 [INFO] BlockDiagram:2759 - set Specific Code input for plugin: USART
2024-03-20 15:20:29,681 [INFO] BlockDiagram:2759 - set Specific Code input for plugin: GPIO
2024-03-20 15:20:29,683 [INFO] CodeGenerator:692 - code generatio: config db path: C:\ST\STM32CubeIDE_1.11.0\STM32CubeIDE\plugins\com.st.stm32cube.common.mx_6.7.0.202211181646\\db\
2024-03-20 15:20:29,930 [INFO] CodeEngine:247 - oldGeneratedFile, C:\Users\kwan2\Documents\3-2 FIBO\FRA532 Mobile Robot\FRA532_Project_6431_6462_6471\Micro_ROS\MXTmpFiles\license.tmp_save
2024-03-20 15:20:30,060 [INFO] CodeEngine:271 - Generated code: C:\Users\kwan2\Documents\3-2 FIBO\FRA532 Mobile Robot\FRA532_Project_6431_6462_6471\Micro_ROS\MXTmpFiles\license.tmp
2024-03-20 15:20:30,111 [INFO] CodeEngine:247 - oldGeneratedFile, C:\Users\kwan2\Documents\3-2 FIBO\FRA532 Mobile Robot\FRA532_Project_6431_6462_6471\Micro_ROS\MXTmpFiles\gpio.tmp_save
2024-03-20 15:20:30,313 [INFO] CodeEngine:271 - Generated code: C:\Users\kwan2\Documents\3-2 FIBO\FRA532 Mobile Robot\FRA532_Project_6431_6462_6471\Micro_ROS\MXTmpFiles\gpio.tmp
2024-03-20 15:20:30,434 [INFO] CodeEngine:247 - oldGeneratedFile, C:\Users\kwan2\Documents\3-2 FIBO\FRA532 Mobile Robot\FRA532_Project_6431_6462_6471\Micro_ROS\Core\Src\stm32g4xx_it.c_save
2024-03-20 15:20:30,553 [INFO] CodeEngine:271 - Generated code: C:\Users\kwan2\Documents\3-2 FIBO\FRA532 Mobile Robot\FRA532_Project_6431_6462_6471\Micro_ROS\Core\Src\stm32g4xx_it.c
2024-03-20 15:20:30,564 [INFO] CodeEngine:247 - oldGeneratedFile, C:\Users\kwan2\Documents\3-2 FIBO\FRA532 Mobile Robot\FRA532_Project_6431_6462_6471\Micro_ROS\Core\Inc\stm32g4xx_it.h_save
2024-03-20 15:20:30,660 [INFO] CodeEngine:271 - Generated code: C:\Users\kwan2\Documents\3-2 FIBO\FRA532 Mobile Robot\FRA532_Project_6431_6462_6471\Micro_ROS\Core\Inc\stm32g4xx_it.h
2024-03-20 15:20:30,692 [INFO] CodeEngine:247 - oldGeneratedFile, C:\Users\kwan2\Documents\3-2 FIBO\FRA532 Mobile Robot\FRA532_Project_6431_6462_6471\Micro_ROS\Core\Src\stm32g4xx_hal_msp.c_save
2024-03-20 15:20:30,843 [INFO] CodeEngine:271 - Generated code: C:\Users\kwan2\Documents\3-2 FIBO\FRA532 Mobile Robot\FRA532_Project_6431_6462_6471\Micro_ROS\Core\Src\stm32g4xx_hal_msp.c
2024-03-20 15:20:30,850 [INFO] CodeEngine:247 - oldGeneratedFile, C:\Users\kwan2\Documents\3-2 FIBO\FRA532 Mobile Robot\FRA532_Project_6431_6462_6471\Micro_ROS\MXTmpFiles\system.tmp_save
2024-03-20 15:20:30,942 [INFO] CodeEngine:271 - Generated code: C:\Users\kwan2\Documents\3-2 FIBO\FRA532 Mobile Robot\FRA532_Project_6431_6462_6471\Micro_ROS\MXTmpFiles\system.tmp
2024-03-20 15:20:30,964 [INFO] CodeEngine:303 - oldGeneratedFile, C:\Users\kwan2\Documents\3-2 FIBO\FRA532 Mobile Robot\FRA532_Project_6431_6462_6471\Micro_ROS\Core\Inc\stm32g4xx_hal_conf.h_save
2024-03-20 15:20:31,083 [INFO] CodeEngine:327 - Generated code: C:\Users\kwan2\Documents\3-2 FIBO\FRA532 Mobile Robot\FRA532_Project_6431_6462_6471\Micro_ROS\Core\Inc\stm32g4xx_hal_conf.h
2024-03-20 15:20:31,110 [WARN] IPConfigManager:2928 - Warning: the RefConfig RCC_CommonPeriphClockConfig is not available in your config.xml file
2024-03-20 15:20:31,135 [INFO] CodeEngine:247 - oldGeneratedFile, C:\Users\kwan2\Documents\3-2 FIBO\FRA532 Mobile Robot\FRA532_Project_6431_6462_6471\Micro_ROS\Core\Inc\main.h_save
2024-03-20 15:20:31,221 [INFO] CodeEngine:271 - Generated code: C:\Users\kwan2\Documents\3-2 FIBO\FRA532 Mobile Robot\FRA532_Project_6431_6462_6471\Micro_ROS\Core\Inc\main.h
2024-03-20 15:20:31,241 [INFO] CodeEngine:247 - oldGeneratedFile, C:\Users\kwan2\Documents\3-2 FIBO\FRA532 Mobile Robot\FRA532_Project_6431_6462_6471\Micro_ROS\Core\Src\main.c_save
2024-03-20 15:20:31,378 [INFO] CodeEngine:271 - Generated code: C:\Users\kwan2\Documents\3-2 FIBO\FRA532 Mobile Robot\FRA532_Project_6431_6462_6471\Micro_ROS\Core\Src\main.c
2024-03-20 15:20:32,288 [INFO] ProjectBuilder:2919 - Time for Copy HAL[1] : 336mS.
2024-03-20 15:20:32,296 [INFO] ProjectBuilder:4183 - Project Generator version: 3.18.0-B7
2024-03-20 15:20:32,793 [INFO] ConfigFileManager:1396 - The Die is : DIE468
2024-03-20 15:20:34,746 [INFO] ProjectBuilder:4351 - Time for Generating toolchain IDE Files: 2450mS.
2024-03-20 15:20:34,748 [INFO] ProjectBuilder:2790 - Time for Copy CMSIS : 1mS.
2024-03-20 15:20:34,753 [INFO] ProjectBuilder:2790 - Time for Copy CMSIS : 0mS.
